This is pdfTeX, Version 3.14159265-2.6-1.40.19 (TeX Live 2018/W32TeX) (preloaded format=pdflatex 2018.7.19)  2 AUG 2018 19:46
entering extended mode
 restricted \write18 enabled.
 %&-line parsing enabled.
**main.tex
(./main.tex
LaTeX2e <2018-04-01> patch level 2
Babel <3.18> and hyphenation patterns for 6 language(s) loaded.
(c:/texlive/2018/texmf-dist/tex/latex/ctex/ctexart.cls
(c:/texlive/2018/texmf-dist/tex/latex/l3kernel/expl3.sty
Package: expl3 2018/03/05 L3 programming layer (loader) 

(c:/texlive/2018/texmf-dist/tex/latex/l3kernel/expl3-code.tex
Package: expl3 2018/03/05 L3 programming layer (code)
\c_max_int=\count80
\l_tmpa_int=\count81
\l_tmpb_int=\count82
\g_tmpa_int=\count83
\g_tmpb_int=\count84
\g__intarray_font_int=\count85
\g__prg_map_int=\count86
\c_log_iow=\count87
\l_iow_line_count_int=\count88
\l__iow_line_target_int=\count89
\l__iow_one_indent_int=\count90
\l__iow_indent_int=\count91
\c_zero_dim=\dimen102
\c_max_dim=\dimen103
\l_tmpa_dim=\dimen104
\l_tmpb_dim=\dimen105
\g_tmpa_dim=\dimen106
\g_tmpb_dim=\dimen107
\c_zero_skip=\skip41
\c_max_skip=\skip42
\l_tmpa_skip=\skip43
\l_tmpb_skip=\skip44
\g_tmpa_skip=\skip45
\g_tmpb_skip=\skip46
\c_zero_muskip=\muskip10
\c_max_muskip=\muskip11
\l_tmpa_muskip=\muskip12
\l_tmpb_muskip=\muskip13
\g_tmpa_muskip=\muskip14
\g_tmpb_muskip=\muskip15
\l_keys_choice_int=\count92
\c__fp_leading_shift_int=\count93
\c__fp_middle_shift_int=\count94
\c__fp_trailing_shift_int=\count95
\c__fp_big_leading_shift_int=\count96
\c__fp_big_middle_shift_int=\count97
\c__fp_big_trailing_shift_int=\count98
\c__fp_Bigg_leading_shift_int=\count99
\c__fp_Bigg_middle_shift_int=\count100
\c__fp_Bigg_trailing_shift_int=\count101
\c__fp_rand_size_int=\count102
\c__fp_rand_four_int=\count103
\c__fp_rand_eight_int=\count104
\l__sort_length_int=\count105
\l__sort_min_int=\count106
\l__sort_top_int=\count107
\l__sort_max_int=\count108
\l__sort_true_max_int=\count109
\l__sort_block_int=\count110
\l__sort_begin_int=\count111
\l__sort_end_int=\count112
\l__sort_A_int=\count113
\l__sort_B_int=\count114
\l__sort_C_int=\count115
\l__tl_build_start_index_int=\count116
\l__tl_build_index_int=\count117
\l__tl_analysis_normal_int=\count118
\l__tl_analysis_index_int=\count119
\l__tl_analysis_nesting_int=\count120
\l__tl_analysis_type_int=\count121
\l__regex_internal_a_int=\count122
\l__regex_internal_b_int=\count123
\l__regex_internal_c_int=\count124
\l__regex_balance_int=\count125
\l__regex_group_level_int=\count126
\l__regex_mode_int=\count127
\c__regex_cs_in_class_mode_int=\count128
\c__regex_cs_mode_int=\count129
\l__regex_catcodes_int=\count130
\l__regex_default_catcodes_int=\count131
\c__regex_catcode_D_int=\count132
\c__regex_catcode_S_int=\count133
\c__regex_catcode_L_int=\count134
\c__regex_catcode_O_int=\count135
\c__regex_catcode_A_int=\count136
\c__regex_all_catcodes_int=\count137
\l__regex_show_lines_int=\count138
\l__regex_min_state_int=\count139
\l__regex_max_state_int=\count140
\l__regex_left_state_int=\count141
\l__regex_right_state_int=\count142
\l__regex_capturing_group_int=\count143
\l__regex_min_pos_int=\count144
\l__regex_max_pos_int=\count145
\l__regex_curr_pos_int=\count146
\l__regex_start_pos_int=\count147
\l__regex_success_pos_int=\count148
\l__regex_curr_char_int=\count149
\l__regex_curr_catcode_int=\count150
\l__regex_last_char_int=\count151
\l__regex_case_changed_char_int=\count152
\l__regex_curr_state_int=\count153
\l__regex_step_int=\count154
\l__regex_min_active_int=\count155
\l__regex_max_active_int=\count156
\l__regex_replacement_csnames_int=\count157
\l__regex_match_count_int=\count158
\l__regex_min_submatch_int=\count159
\l__regex_submatch_int=\count160
\l__regex_zeroth_submatch_int=\count161
\g__regex_trace_regex_int=\count162
\c_empty_box=\box26
\l_tmpa_box=\box27
\l_tmpb_box=\box28
\g_tmpa_box=\box29
\g_tmpb_box=\box30
\l__box_top_dim=\dimen108
\l__box_bottom_dim=\dimen109
\l__box_left_dim=\dimen110
\l__box_right_dim=\dimen111
\l__box_top_new_dim=\dimen112
\l__box_bottom_new_dim=\dimen113
\l__box_left_new_dim=\dimen114
\l__box_right_new_dim=\dimen115
\l__box_internal_box=\box31
\l__coffin_internal_box=\box32
\l__coffin_internal_dim=\dimen116
\l__coffin_offset_x_dim=\dimen117
\l__coffin_offset_y_dim=\dimen118
\l__coffin_x_dim=\dimen119
\l__coffin_y_dim=\dimen120
\l__coffin_x_prime_dim=\dimen121
\l__coffin_y_prime_dim=\dimen122
\c_empty_coffin=\box33
\l__coffin_aligned_coffin=\box34
\l__coffin_aligned_internal_coffin=\box35
\l_tmpa_coffin=\box36
\l_tmpb_coffin=\box37
\l__coffin_display_coffin=\box38
\l__coffin_display_coord_coffin=\box39
\l__coffin_display_pole_coffin=\box40
\l__coffin_display_offset_dim=\dimen123
\l__coffin_display_x_dim=\dimen124
\l__coffin_display_y_dim=\dimen125
\l__coffin_bounding_shift_dim=\dimen126
\l__coffin_left_corner_dim=\dimen127
\l__coffin_right_corner_dim=\dimen128
\l__coffin_bottom_corner_dim=\dimen129
\l__coffin_top_corner_dim=\dimen130
\l__coffin_scaled_total_height_dim=\dimen131
\l__coffin_scaled_width_dim=\dimen132
)
(c:/texlive/2018/texmf-dist/tex/latex/l3kernel/l3pdfmode.def
File: l3pdfmode.def 2017/03/18 v L3 Experimental driver: PDF mode
\l__driver_color_stack_int=\count163
))
Document Class: ctexart 2018/01/28 v2.4.12 Chinese adapter for class article (C
TEX)
(c:/texlive/2018/texmf-dist/tex/latex/l3packages/xparse/xparse.sty
Package: xparse 2018/02/21 L3 Experimental document command parser
\l__xparse_current_arg_int=\count164
\g__xparse_grabber_int=\count165
\l__xparse_m_args_int=\count166
\l__xparse_mandatory_args_int=\count167
\l__xparse_v_nesting_int=\count168
)
(c:/texlive/2018/texmf-dist/tex/latex/l3packages/l3keys2e/l3keys2e.sty
Package: l3keys2e 2018/02/21 LaTeX2e option processing using LaTeX3 keys
)
\g__file_internal_ior=\read1

(c:/texlive/2018/texmf-dist/tex/latex/ctex/ctexhook.sty
Package: ctexhook 2018/01/28 v2.4.12 Document and package hooks (CTEX)
)
(c:/texlive/2018/texmf-dist/tex/latex/ctex/ctexpatch.sty
Package: ctexpatch 2018/01/28 v2.4.12 Patching commands (CTEX)
)
(c:/texlive/2018/texmf-dist/tex/latex/base/fix-cm.sty
Package: fix-cm 2015/01/14 v1.1t fixes to LaTeX

(c:/texlive/2018/texmf-dist/tex/latex/base/ts1enc.def
File: ts1enc.def 2001/06/05 v3.0e (jk/car/fm) Standard LaTeX file
Now handling font encoding TS1 ...
... processing UTF-8 mapping file for font encoding TS1

(c:/texlive/2018/texmf-dist/tex/latex/base/ts1enc.dfu
File: ts1enc.dfu 2018/04/05 v1.2c UTF-8 support for inputenc
   defining Unicode char U+00A2 (decimal 162)
   defining Unicode char U+00A3 (decimal 163)
   defining Unicode char U+00A4 (decimal 164)
   defining Unicode char U+00A5 (decimal 165)
   defining Unicode char U+00A6 (decimal 166)
   defining Unicode char U+00A7 (decimal 167)
   defining Unicode char U+00A8 (decimal 168)
   defining Unicode char U+00A9 (decimal 169)
   defining Unicode char U+00AA (decimal 170)
   defining Unicode char U+00AC (decimal 172)
   defining Unicode char U+00AE (decimal 174)
   defining Unicode char U+00AF (decimal 175)
   defining Unicode char U+00B0 (decimal 176)
   defining Unicode char U+00B1 (decimal 177)
   defining Unicode char U+00B2 (decimal 178)
   defining Unicode char U+00B3 (decimal 179)
   defining Unicode char U+00B4 (decimal 180)
   defining Unicode char U+00B5 (decimal 181)
   defining Unicode char U+00B6 (decimal 182)
   defining Unicode char U+00B7 (decimal 183)
   defining Unicode char U+00B9 (decimal 185)
   defining Unicode char U+00BA (decimal 186)
   defining Unicode char U+00BC (decimal 188)
   defining Unicode char U+00BD (decimal 189)
   defining Unicode char U+00BE (decimal 190)
   defining Unicode char U+00D7 (decimal 215)
   defining Unicode char U+00F7 (decimal 247)
   defining Unicode char U+0192 (decimal 402)
   defining Unicode char U+02C7 (decimal 711)
   defining Unicode char U+02D8 (decimal 728)
   defining Unicode char U+02DD (decimal 733)
   defining Unicode char U+0E3F (decimal 3647)
   defining Unicode char U+2016 (decimal 8214)
   defining Unicode char U+2020 (decimal 8224)
   defining Unicode char U+2021 (decimal 8225)
   defining Unicode char U+2022 (decimal 8226)
   defining Unicode char U+2030 (decimal 8240)
   defining Unicode char U+2031 (decimal 8241)
   defining Unicode char U+203B (decimal 8251)
   defining Unicode char U+203D (decimal 8253)
   defining Unicode char U+2044 (decimal 8260)
   defining Unicode char U+204E (decimal 8270)
   defining Unicode char U+2052 (decimal 8274)
   defining Unicode char U+20A1 (decimal 8353)
   defining Unicode char U+20A4 (decimal 8356)
   defining Unicode char U+20A6 (decimal 8358)
   defining Unicode char U+20A9 (decimal 8361)
   defining Unicode char U+20AB (decimal 8363)
   defining Unicode char U+20AC (decimal 8364)
   defining Unicode char U+20B1 (decimal 8369)
   defining Unicode char U+2103 (decimal 8451)
   defining Unicode char U+2116 (decimal 8470)
   defining Unicode char U+2117 (decimal 8471)
   defining Unicode char U+211E (decimal 8478)
   defining Unicode char U+2120 (decimal 8480)
   defining Unicode char U+2122 (decimal 8482)
   defining Unicode char U+2126 (decimal 8486)
   defining Unicode char U+2127 (decimal 8487)
   defining Unicode char U+212E (decimal 8494)
   defining Unicode char U+2190 (decimal 8592)
   defining Unicode char U+2191 (decimal 8593)
   defining Unicode char U+2192 (decimal 8594)
   defining Unicode char U+2193 (decimal 8595)
   defining Unicode char U+2329 (decimal 9001)
   defining Unicode char U+232A (decimal 9002)
   defining Unicode char U+2422 (decimal 9250)
   defining Unicode char U+25E6 (decimal 9702)
   defining Unicode char U+25EF (decimal 9711)
   defining Unicode char U+266A (decimal 9834)
   defining Unicode char U+FEFF (decimal 65279)
)))
(c:/texlive/2018/texmf-dist/tex/latex/ms/everysel.sty
Package: everysel 2011/10/28 v1.2 EverySelectfont Package (MS)
)
\l__ctex_tmp_int=\count169
\l__ctex_tmp_box=\box41
\l__ctex_tmp_dim=\dimen133
\g__ctex_font_size_flag=\count170

(c:/texlive/2018/texmf-dist/tex/latex/ctex/config/ctexopts.cfg
File: ctexopts.cfg 2018/01/28 v2.4.12 Option configuration file (CTEX)
)
(c:/texlive/2018/texmf-dist/tex/latex/base/article.cls
Document Class: article 2014/09/29 v1.4h Standard LaTeX document class
(c:/texlive/2018/texmf-dist/tex/latex/base/size11.clo
File: size11.clo 2014/09/29 v1.4h Standard LaTeX file (size option)
)
\c@part=\count171
\c@section=\count172
\c@subsection=\count173
\c@subsubsection=\count174
\c@paragraph=\count175
\c@subparagraph=\count176
\c@figure=\count177
\c@table=\count178
\abovecaptionskip=\skip47
\belowcaptionskip=\skip48
\bibindent=\dimen134
)
(c:/texlive/2018/texmf-dist/tex/latex/ctex/engine/ctex-engine-pdftex.def
File: ctex-engine-pdftex.def 2018/01/28 v2.4.12 (pdf)LaTeX adapter (CTEX)

(c:/texlive/2018/texmf-dist/tex/latex/cjk/texinput/CJKutf8.sty
Package: CJKutf8 2015/04/18 4.8.4

(c:/texlive/2018/texmf-dist/tex/generic/oberdiek/ifpdf.sty
Package: ifpdf 2017/03/15 v3.2 Provides the ifpdf switch
)
(c:/texlive/2018/texmf-dist/tex/latex/base/inputenc.sty
Package: inputenc 2018/04/06 v1.3b Input encoding file
\inpenc@prehook=\toks14
\inpenc@posthook=\toks15
)
(c:/texlive/2018/texmf-dist/tex/latex/cjk/texinput/CJK.sty
Package: CJK 2015/04/18 4.8.4

(c:/texlive/2018/texmf-dist/tex/latex/cjk/texinput/mule/MULEenc.sty
Package: MULEenc 2015/04/18 4.8.4
)
(c:/texlive/2018/texmf-dist/tex/latex/cjk/texinput/CJK.enc
File: CJK.enc 2015/04/18 4.8.4
Now handling font encoding C00 ...
... no UTF-8 mapping file for font encoding C00
Now handling font encoding C05 ...
... no UTF-8 mapping file for font encoding C05
Now handling font encoding C09 ...
... no UTF-8 mapping file for font encoding C09
Now handling font encoding C10 ...
... no UTF-8 mapping file for font encoding C10
Now handling font encoding C20 ...
... no UTF-8 mapping file for font encoding C20
Now handling font encoding C19 ...
... no UTF-8 mapping file for font encoding C19
Now handling font encoding C40 ...
... no UTF-8 mapping file for font encoding C40
Now handling font encoding C42 ...
... no UTF-8 mapping file for font encoding C42
Now handling font encoding C43 ...
... no UTF-8 mapping file for font encoding C43
Now handling font encoding C50 ...
... no UTF-8 mapping file for font encoding C50
Now handling font encoding C52 ...
... no UTF-8 mapping file for font encoding C52
Now handling font encoding C49 ...
... no UTF-8 mapping file for font encoding C49
Now handling font encoding C60 ...
... no UTF-8 mapping file for font encoding C60
Now handling font encoding C61 ...
... no UTF-8 mapping file for font encoding C61
Now handling font encoding C63 ...
... no UTF-8 mapping file for font encoding C63
Now handling font encoding C64 ...
... no UTF-8 mapping file for font encoding C64
Now handling font encoding C65 ...
... no UTF-8 mapping file for font encoding C65
Now handling font encoding C70 ...
... no UTF-8 mapping file for font encoding C70
Now handling font encoding C31 ...
... no UTF-8 mapping file for font encoding C31
Now handling font encoding C32 ...
... no UTF-8 mapping file for font encoding C32
Now handling font encoding C33 ...
... no UTF-8 mapping file for font encoding C33
Now handling font encoding C34 ...
... no UTF-8 mapping file for font encoding C34
Now handling font encoding C35 ...
... no UTF-8 mapping file for font encoding C35
Now handling font encoding C36 ...
... no UTF-8 mapping file for font encoding C36
Now handling font encoding C37 ...
... no UTF-8 mapping file for font encoding C37
Now handling font encoding C80 ...
... no UTF-8 mapping file for font encoding C80
Now handling font encoding C81 ...
... no UTF-8 mapping file for font encoding C81
Now handling font encoding C01 ...
... no UTF-8 mapping file for font encoding C01
Now handling font encoding C11 ...
... no UTF-8 mapping file for font encoding C11
Now handling font encoding C21 ...
... no UTF-8 mapping file for font encoding C21
Now handling font encoding C41 ...
... no UTF-8 mapping file for font encoding C41
Now handling font encoding C62 ...
... no UTF-8 mapping file for font encoding C62
)
LaTeX Info: Redefining \selectfont on input line 755.
\CJK@indent=\box42
)
(c:/texlive/2018/texmf-dist/tex/latex/base/fontenc.sty
Package: fontenc 2017/04/05 v2.0i Standard LaTeX package
))
(c:/texlive/2018/texmf-dist/tex/latex/cjkpunct/CJKpunct.sty
Package: CJKpunct 2016/05/14 4.8.4
\CJKpunct@cnta=\count179
\CJKpunct@cntb=\count180
\CJKpunct@cntc=\count181
\CJKpunct@cntd=\count182
\CJKpunct@cnte=\count183
   defining Unicode char U+2018 (decimal 8216)
   defining Unicode char U+2019 (decimal 8217)
   defining Unicode char U+201C (decimal 8220)
   defining Unicode char U+201D (decimal 8221)
   defining Unicode char U+2014 (decimal 8212)
   defining Unicode char U+2026 (decimal 8230)

(c:/texlive/2018/texmf-dist/tex/latex/cjkpunct/CJKpunct.spa))
(c:/texlive/2018/texmf-dist/tex/latex/cjk/texinput/CJKspace.sty
Package: CJKspace 2015/04/18 3.8.0
)
(c:/texlive/2018/texmf-dist/tex/latex/ctex/ctexspa.def
File: ctexspa.def 2018/01/28 v2.4.12 Space info for CJKpunct (CTEX)
)
(c:/texlive/2018/texmf-dist/tex/latex/cjk/texinput/CJKfntef.sty
Package: CJKfntef 2015/04/18 4.8.4

(c:/texlive/2018/texmf-dist/tex/latex/cjk/texinput/CJKulem.sty
Package: CJKulem 2015/04/18 4.8.4

(c:/texlive/2018/texmf-dist/tex/generic/ulem/ulem.sty
\UL@box=\box43
\UL@hyphenbox=\box44
\UL@skip=\skip49
\UL@hook=\toks16
\UL@height=\dimen135
\UL@pe=\count184
\UL@pixel=\dimen136
\ULC@box=\box45
Package: ulem 2012/05/18
\ULdepth=\dimen137
)
\UL@lastkern=\dimen138
\CJK@skip=\skip50
)
\CJK@fntefSkip=\skip51
\CJK@nest=\count185
\CJK@fntefDimen=\dimen139
\CJK@underdotBox=\box46
\CJK@ULbox=\box47
\CJK@underanyskip=\dimen140
)
\ccwd=\dimen141
\l__ctex_ccglue_skip=\skip52
)
.................................................
. LaTeX info: "xparse/define-command"
. 
. Defining command \ctexset with sig. '' on line 388.
.................................................
.................................................
. LaTeX info: "xparse/define-command"
. 
. Defining command \CTEXsetup with sig. '+o>{\TrimSpaces }m' on line 394.
.................................................
.................................................
. LaTeX info: "xparse/define-command"
. 
. Defining command \CTEXoptions with sig. '+o' on line 400.
.................................................
.................................................
. LaTeX info: "xparse/define-command"
. 
. Defining command \CTEXsetfont with sig. '' on line 418.
.................................................
.................................................
. LaTeX info: "xparse/define-command"
. 
. Defining command \ziju with sig. 'm' on line 490.
.................................................
\l__ctex_ziju_dim=\dimen142
.................................................
. LaTeX info: "xparse/define-command"
. 
. Defining command \CTEXindent with sig. '' on line 531.
.................................................
.................................................
. LaTeX info: "xparse/define-command"
. 
. Defining command \CTEXnoindent with sig. '' on line 537.
.................................................

(c:/texlive/2018/texmf-dist/tex/latex/zhnumber/zhnumber.sty
Package: zhnumber 2018/01/28 v2.6 Typesetting numbers with Chinese glyphs
.................................................
. LaTeX info: "xparse/define-command"
. 
. Defining command \zhnumber with sig. '+o+m' on line 50.
.................................................
.................................................
. LaTeX info: "xparse/define-command"
. 
. Defining command \zhnumberwithoptions with sig. '+m+m' on line 57.
.................................................
.................................................
. LaTeX info: "xparse/define-command"
. 
. Defining command \zhnum with sig. '+o+m' on line 111.
.................................................
.................................................
. LaTeX info: "xparse/define-command"
. 
. Defining command \zhnumwithoptions with sig. '+m+m' on line 118.
.................................................
.................................................
. LaTeX info: "xparse/define-command"
. 
. Defining command \zhdig with sig. '+o+m' on line 295.
.................................................
.................................................
. LaTeX info: "xparse/define-command"
. 
. Defining command \zhdigwithoptions with sig. '+m+m' on line 302.
.................................................
.................................................
. LaTeX info: "xparse/define-command"
. 
. Defining command \zhdigits with sig. '+s+o+m' on line 316.
.................................................
.................................................
. LaTeX info: "xparse/define-command"
. 
. Defining command \zhdigitswithoptions with sig. '+m+m+m' on line 323.
.................................................
.................................................
. LaTeX info: "xparse/define-command"
. 
. Defining command \zhdate with sig. '+s+m' on line 382.
.................................................
\l__zhnum_scale_int=\count186
.................................................
. LaTeX info: "xparse/define-command"
. 
. Defining command \zhnumExtendScaleMap with sig. '>{\TrimSpaces }+o+m' on
. line 504.
.................................................
\l__zhnum_byte_min_int=\count187
\l__zhnum_byte_max_int=\count188
.................................................
. LaTeX info: "xparse/define-command"
. 
. Defining command \zhnumsetup with sig. '+m' on line 934.
.................................................

(c:/texlive/2018/texmf-dist/tex/latex/zhnumber/zhnumber-utf8.cfg
File: zhnumber-utf8.cfg 2018/01/28 v2.6 Chinese numerals with UTF8 encoding
))
.................................................
. LaTeX info: "xparse/define-command"
. 
. Defining command \CTEXnumber with sig. 'mm' on line 554.
.................................................
.................................................
. LaTeX info: "xparse/define-command"
. 
. Defining command \CTEXdigits with sig. 'mm' on line 556.
.................................................
.................................................
. LaTeX info: "xparse/define-command"
. 
. Defining command \ctex_assign_heading_name:nn with sig. 'm>{\SplitArgument
. {\c_one }{,}}+m' on line 680.
.................................................
\l__ctex_heading_skip=\skip53
.................................................
. LaTeX info: "xparse/define-command"
. 
. Defining command \partmark with sig. 'm' on line 711.
.................................................
.................................................
. LaTeX info: "xparse/redefine-command"
. 
. Redefining command \refstepcounter with sig. 'm' on line 1201.
.................................................

(c:/texlive/2018/texmf-dist/tex/latex/ctex/scheme/ctex-scheme-chinese-article.d
ef
File: ctex-scheme-chinese-article.def 2018/01/28 v2.4.12 Chinese scheme for art
icle (CTEX)
 (c:/texlive/2018/texmf-dist/tex/latex/ctex/config/ctex-name-utf8.cfg
File: ctex-name-utf8.cfg 2018/01/28 v2.4.12 Caption with encoding UTF8 (CTEX)
))
.................................................
. LaTeX info: "xparse/define-command"
. 
. Defining command \zihao with sig. 'm' on line 1204.
.................................................
.................................................
. LaTeX info: "xparse/define-command"
. 
. Defining command \CTeX with sig. '' on line 1308.
.................................................

(c:/texlive/2018/texmf-dist/tex/latex/ctex/fontset/ctex-fontset-windows.def
File: ctex-fontset-windows.def 2018/01/28 v2.4.12 Windows fonts definition (CTE
X)

(c:/texlive/2018/texmf-dist/tex/latex/ctex/fontset/ctex-fontset-windowsnew.def
File: ctex-fontset-windowsnew.def 2018/01/28 v2.4.12 Windows fonts definition f
or Vista or later version (CTEX)

(c:/texlive/2018/texmf-dist/tex/generic/ctex/zhwindowsfonts.tex
File: zhwindowsfonts.tex 2018/01/28 v2.4.12 Windows font map loader for pdfTeX 
and DVIPDFMx (CTEX)
{c:/texlive/2018/texmf-var/fonts/map/pdftex/updmap/pdftex.map}{UGBK.sfd}{Unicod
e.sfd})
.................................................
. LaTeX info: "xparse/define-command"
. 
. Defining command \songti with sig. '' on line 111.
.................................................
.................................................
. LaTeX info: "xparse/define-command"
. 
. Defining command \heiti with sig. '' on line 112.
.................................................
.................................................
. LaTeX info: "xparse/define-command"
. 
. Defining command \fangsong with sig. '' on line 113.
.................................................
.................................................
. LaTeX info: "xparse/define-command"
. 
. Defining command \kaishu with sig. '' on line 114.
.................................................
.................................................
. LaTeX info: "xparse/define-command"
. 
. Defining command \lishu with sig. '' on line 115.
.................................................
.................................................
. LaTeX info: "xparse/define-command"
. 
. Defining command \youyuan with sig. '' on line 116.
.................................................
.................................................
. LaTeX info: "xparse/define-command"
. 
. Defining command \yahei with sig. '' on line 117.
.................................................
)))
(c:/texlive/2018/texmf-dist/tex/latex/ctex/config/ctex.cfg
File: ctex.cfg 2018/01/28 v2.4.12 Configuration file (CTEX)
)
(c:/texlive/2018/texmf-dist/tex/latex/graphics/graphicx.sty
Package: graphicx 2017/06/01 v1.1a Enhanced LaTeX Graphics (DPC,SPQR)

(c:/texlive/2018/texmf-dist/tex/latex/graphics/keyval.sty
Package: keyval 2014/10/28 v1.15 key=value parser (DPC)
\KV@toks@=\toks17
)
(c:/texlive/2018/texmf-dist/tex/latex/graphics/graphics.sty
Package: graphics 2017/06/25 v1.2c Standard LaTeX Graphics (DPC,SPQR)

(c:/texlive/2018/texmf-dist/tex/latex/graphics/trig.sty
Package: trig 2016/01/03 v1.10 sin cos tan (DPC)
)
(c:/texlive/2018/texmf-dist/tex/latex/graphics-cfg/graphics.cfg
File: graphics.cfg 2016/06/04 v1.11 sample graphics configuration
)
Package graphics Info: Driver file: pdftex.def on input line 99.

(c:/texlive/2018/texmf-dist/tex/latex/graphics-def/pdftex.def
File: pdftex.def 2018/01/08 v1.0l Graphics/color driver for pdftex
))
\Gin@req@height=\dimen143
\Gin@req@width=\dimen144
)
(c:/texlive/2018/texmf-dist/tex/latex/hyperref/hyperref.sty
Package: hyperref 2018/02/06 v6.86b Hypertext links for LaTeX

(c:/texlive/2018/texmf-dist/tex/generic/oberdiek/hobsub-hyperref.sty
Package: hobsub-hyperref 2016/05/16 v1.14 Bundle oberdiek, subset hyperref (HO)


(c:/texlive/2018/texmf-dist/tex/generic/oberdiek/hobsub-generic.sty
Package: hobsub-generic 2016/05/16 v1.14 Bundle oberdiek, subset generic (HO)
Package: hobsub 2016/05/16 v1.14 Construct package bundles (HO)
Package: infwarerr 2016/05/16 v1.4 Providing info/warning/error messages (HO)
Package: ltxcmds 2016/05/16 v1.23 LaTeX kernel commands for general use (HO)
Package: ifluatex 2016/05/16 v1.4 Provides the ifluatex switch (HO)
Package ifluatex Info: LuaTeX not detected.
Package: ifvtex 2016/05/16 v1.6 Detect VTeX and its facilities (HO)
Package ifvtex Info: VTeX not detected.
Package: intcalc 2016/05/16 v1.2 Expandable calculations with integers (HO)
Package hobsub Info: Skipping package `ifpdf' (already loaded).
Package: etexcmds 2016/05/16 v1.6 Avoid name clashes with e-TeX commands (HO)
Package etexcmds Info: Could not find \expanded.
(etexcmds)             That can mean that you are not using pdfTeX 1.50 or
(etexcmds)             that some package has redefined \expanded.
(etexcmds)             In the latter case, load this package earlier.
Package: kvsetkeys 2016/05/16 v1.17 Key value parser (HO)
Package: kvdefinekeys 2016/05/16 v1.4 Define keys (HO)
Package: pdftexcmds 2018/01/30 v0.27 Utility functions of pdfTeX for LuaTeX (HO
)
Package pdftexcmds Info: LuaTeX not detected.
Package pdftexcmds Info: \pdf@primitive is available.
Package pdftexcmds Info: \pdf@ifprimitive is available.
Package pdftexcmds Info: \pdfdraftmode found.
Package: pdfescape 2016/05/16 v1.14 Implements pdfTeX's escape features (HO)
Package: bigintcalc 2016/05/16 v1.4 Expandable calculations on big integers (HO
)
Package: bitset 2016/05/16 v1.2 Handle bit-vector datatype (HO)
Package: uniquecounter 2016/05/16 v1.3 Provide unlimited unique counter (HO)
)
Package hobsub Info: Skipping package `hobsub' (already loaded).
Package: letltxmacro 2016/05/16 v1.5 Let assignment for LaTeX macros (HO)
Package: hopatch 2016/05/16 v1.3 Wrapper for package hooks (HO)
Package: xcolor-patch 2016/05/16 xcolor patch
Package: atveryend 2016/05/16 v1.9 Hooks at the very end of document (HO)
Package atveryend Info: \enddocument detected (standard20110627).
Package: atbegshi 2016/06/09 v1.18 At begin shipout hook (HO)
Package: refcount 2016/05/16 v3.5 Data extraction from label references (HO)
Package: hycolor 2016/05/16 v1.8 Color options for hyperref/bookmark (HO)
)
(c:/texlive/2018/texmf-dist/tex/generic/ifxetex/ifxetex.sty
Package: ifxetex 2010/09/12 v0.6 Provides ifxetex conditional
)
(c:/texlive/2018/texmf-dist/tex/latex/oberdiek/auxhook.sty
Package: auxhook 2016/05/16 v1.4 Hooks for auxiliary files (HO)
)
(c:/texlive/2018/texmf-dist/tex/latex/oberdiek/kvoptions.sty
Package: kvoptions 2016/05/16 v3.12 Key value format for package options (HO)
)
\@linkdim=\dimen145
\Hy@linkcounter=\count189
\Hy@pagecounter=\count190

(c:/texlive/2018/texmf-dist/tex/latex/hyperref/pd1enc.def
File: pd1enc.def 2018/02/06 v6.86b Hyperref: PDFDocEncoding definition (HO)
Now handling font encoding PD1 ...
... no UTF-8 mapping file for font encoding PD1
)
\Hy@SavedSpaceFactor=\count191

(c:/texlive/2018/texmf-dist/tex/latex/latexconfig/hyperref.cfg
File: hyperref.cfg 2002/06/06 v1.2 hyperref configuration of TeXLive
)
Package hyperref Info: Option `unicode' set `true' on input line 4383.

(c:/texlive/2018/texmf-dist/tex/latex/hyperref/puenc.def
File: puenc.def 2018/02/06 v6.86b Hyperref: PDF Unicode definition (HO)
Now handling font encoding PU ...
... no UTF-8 mapping file for font encoding PU
)
Package hyperref Info: Option `unicode' set `true' on input line 4383.
Package hyperref Info: Hyper figures OFF on input line 4509.
Package hyperref Info: Link nesting OFF on input line 4514.
Package hyperref Info: Hyper index ON on input line 4517.
Package hyperref Info: Plain pages OFF on input line 4524.
Package hyperref Info: Backreferencing OFF on input line 4529.
Package hyperref Info: Implicit mode ON; LaTeX internals redefined.
Package hyperref Info: Bookmarks ON on input line 4762.
\c@Hy@tempcnt=\count192

(c:/texlive/2018/texmf-dist/tex/latex/url/url.sty
\Urlmuskip=\muskip16
Package: url 2013/09/16  ver 3.4  Verb mode for urls, etc.
)
LaTeX Info: Redefining \url on input line 5115.
\XeTeXLinkMargin=\dimen146
\Fld@menulength=\count193
\Field@Width=\dimen147
\Fld@charsize=\dimen148
Package hyperref Info: Hyper figures OFF on input line 6369.
Package hyperref Info: Link nesting OFF on input line 6374.
Package hyperref Info: Hyper index ON on input line 6377.
Package hyperref Info: backreferencing OFF on input line 6384.
Package hyperref Info: Link coloring OFF on input line 6389.
Package hyperref Info: Link coloring with OCG OFF on input line 6394.
Package hyperref Info: PDF/A mode OFF on input line 6399.
LaTeX Info: Redefining \ref on input line 6439.
LaTeX Info: Redefining \pageref on input line 6443.
\Hy@abspage=\count194
\c@Item=\count195
\c@Hfootnote=\count196
)
Package hyperref Info: Driver (autodetected): hpdftex.

(c:/texlive/2018/texmf-dist/tex/latex/hyperref/hpdftex.def
File: hpdftex.def 2018/02/06 v6.86b Hyperref driver for pdfTeX
\Fld@listcount=\count197
\c@bookmark@seq@number=\count198

(c:/texlive/2018/texmf-dist/tex/latex/oberdiek/rerunfilecheck.sty
Package: rerunfilecheck 2016/05/16 v1.8 Rerun checks for auxiliary files (HO)
Package uniquecounter Info: New unique counter `rerunfilecheck' on input line 2
82.
)
\Hy@SectionHShift=\skip54
)
(c:/texlive/2018/texmf-dist/tex/latex/xcolor/xcolor.sty
Package: xcolor 2016/05/11 v2.12 LaTeX color extensions (UK)

(c:/texlive/2018/texmf-dist/tex/latex/graphics-cfg/color.cfg
File: color.cfg 2016/01/02 v1.6 sample color configuration
)
Package xcolor Info: Driver file: pdftex.def on input line 225.
Package xcolor Info: Model `cmy' substituted by `cmy0' on input line 1348.
Package xcolor Info: Model `hsb' substituted by `rgb' on input line 1352.
Package xcolor Info: Model `RGB' extended on input line 1364.
Package xcolor Info: Model `HTML' substituted by `rgb' on input line 1366.
Package xcolor Info: Model `Hsb' substituted by `hsb' on input line 1367.
Package xcolor Info: Model `tHsb' substituted by `hsb' on input line 1368.
Package xcolor Info: Model `HSB' substituted by `hsb' on input line 1369.
Package xcolor Info: Model `Gray' substituted by `gray' on input line 1370.
Package xcolor Info: Model `wave' substituted by `hsb' on input line 1371.
)
(c:/texlive/2018/texmf-dist/tex/latex/cite/cite.sty
LaTeX Info: Redefining \cite on input line 302.
LaTeX Info: Redefining \nocite on input line 332.
Package: cite 2015/02/27  v 5.5
)
(c:/texlive/2018/texmf-dist/tex/latex/tools/indentfirst.sty
Package: indentfirst 1995/11/23 v1.03 Indent first paragraph (DPC)
)
(c:/texlive/2018/texmf-dist/tex/latex/amsmath/amsmath.sty
Package: amsmath 2017/09/02 v2.17a AMS math features
\@mathmargin=\skip55

For additional information on amsmath, use the `?' option.
(c:/texlive/2018/texmf-dist/tex/latex/amsmath/amstext.sty
Package: amstext 2000/06/29 v2.01 AMS text

(c:/texlive/2018/texmf-dist/tex/latex/amsmath/amsgen.sty
File: amsgen.sty 1999/11/30 v2.0 generic functions
\@emptytoks=\toks18
\ex@=\dimen149
))
(c:/texlive/2018/texmf-dist/tex/latex/amsmath/amsbsy.sty
Package: amsbsy 1999/11/29 v1.2d Bold Symbols
\pmbraise@=\dimen150
)
(c:/texlive/2018/texmf-dist/tex/latex/amsmath/amsopn.sty
Package: amsopn 2016/03/08 v2.02 operator names
)
\inf@bad=\count199
LaTeX Info: Redefining \frac on input line 213.
\uproot@=\count266
\leftroot@=\count267
LaTeX Info: Redefining \overline on input line 375.
\classnum@=\count268
\DOTSCASE@=\count269
LaTeX Info: Redefining \ldots on input line 472.
LaTeX Info: Redefining \dots on input line 475.
LaTeX Info: Redefining \cdots on input line 596.
\Mathstrutbox@=\box48
\strutbox@=\box49
\big@size=\dimen151
LaTeX Font Info:    Redeclaring font encoding OML on input line 712.
LaTeX Font Info:    Redeclaring font encoding OMS on input line 713.
\macc@depth=\count270
\c@MaxMatrixCols=\count271
\dotsspace@=\muskip17
\c@parentequation=\count272
\dspbrk@lvl=\count273
\tag@help=\toks19
\row@=\count274
\column@=\count275
\maxfields@=\count276
\andhelp@=\toks20
\eqnshift@=\dimen152
\alignsep@=\dimen153
\tagshift@=\dimen154
\tagwidth@=\dimen155
\totwidth@=\dimen156
\lineht@=\dimen157
\@envbody=\toks21
\multlinegap=\skip56
\multlinetaggap=\skip57
\mathdisplay@stack=\toks22
LaTeX Info: Redefining \[ on input line 2817.
LaTeX Info: Redefining \] on input line 2818.
)
(c:/texlive/2018/texmf-dist/tex/latex/fancyhdr/fancyhdr.sty
Package: fancyhdr 2017/06/30 v3.9a Extensive control of page headers and footer
s
\f@nch@headwidth=\skip58
\f@nch@O@elh=\skip59
\f@nch@O@erh=\skip60
\f@nch@O@olh=\skip61
\f@nch@O@orh=\skip62
\f@nch@O@elf=\skip63
\f@nch@O@erf=\skip64
\f@nch@O@olf=\skip65
\f@nch@O@orf=\skip66
)
(c:/texlive/2018/texmf-dist/tex/latex/listings/listings.sty
\lst@mode=\count277
\lst@gtempboxa=\box50
\lst@token=\toks23
\lst@length=\count278
\lst@currlwidth=\dimen158
\lst@column=\count279
\lst@pos=\count280
\lst@lostspace=\dimen159
\lst@width=\dimen160
\lst@newlines=\count281
\lst@lineno=\count282
\lst@maxwidth=\dimen161

(c:/texlive/2018/texmf-dist/tex/latex/listings/lstmisc.sty
File: lstmisc.sty 2015/06/04 1.6 (Carsten Heinz)
\c@lstnumber=\count283
\lst@skipnumbers=\count284
\lst@framebox=\box51
)
(c:/texlive/2018/texmf-dist/tex/latex/listings/listings.cfg
File: listings.cfg 2015/06/04 1.6 listings configuration
))
Package: listings 2015/06/04 1.6 (Carsten Heinz)

(c:/texlive/2018/texmf-dist/tex/latex/listings/lstlang1.sty
File: lstlang1.sty 2015/06/04 1.6 listings language file
)
(c:/texlive/2018/texmf-dist/tex/latex/cjk/texinput/UTF8/UTF8.bdg
File: UTF8.bdg 2015/04/18 4.8.4
)
(c:/texlive/2018/texmf-dist/tex/latex/cjk/texinput/UTF8/UTF8.enc
File: UTF8.enc 2015/04/18 4.8.4
)
(c:/texlive/2018/texmf-dist/tex/latex/cjk/texinput/UTF8/UTF8.chr
File: UTF8.chr 2015/04/18 4.8.4
) (./main.aux)
\openout1 = `main.aux'.

LaTeX Font Info:    Checking defaults for OML/cmm/m/it on input line 112.
LaTeX Font Info:    ... okay on input line 112.
LaTeX Font Info:    Checking defaults for T1/cmr/m/n on input line 112.
LaTeX Font Info:    ... okay on input line 112.
LaTeX Font Info:    Checking defaults for OT1/cmr/m/n on input line 112.
LaTeX Font Info:    ... okay on input line 112.
LaTeX Font Info:    Checking defaults for OMS/cmsy/m/n on input line 112.
LaTeX Font Info:    ... okay on input line 112.
LaTeX Font Info:    Checking defaults for OMX/cmex/m/n on input line 112.
LaTeX Font Info:    ... okay on input line 112.
LaTeX Font Info:    Checking defaults for U/cmr/m/n on input line 112.
LaTeX Font Info:    ... okay on input line 112.
LaTeX Font Info:    Checking defaults for TS1/cmr/m/n on input line 112.
LaTeX Font Info:    ... okay on input line 112.
LaTeX Font Info:    Checking defaults for C00/song/m/n on input line 112.
LaTeX Font Info:    ... okay on input line 112.
LaTeX Font Info:    Checking defaults for C05/song/m/n on input line 112.
LaTeX Font Info:    ... okay on input line 112.
LaTeX Font Info:    Checking defaults for C09/song/m/n on input line 112.
LaTeX Font Info:    ... okay on input line 112.
LaTeX Font Info:    Checking defaults for C10/song/m/n on input line 112.
LaTeX Font Info:    ... okay on input line 112.
LaTeX Font Info:    Checking defaults for C20/song/m/n on input line 112.
LaTeX Font Info:    ... okay on input line 112.
LaTeX Font Info:    Checking defaults for C19/song/m/n on input line 112.
LaTeX Font Info:    ... okay on input line 112.
LaTeX Font Info:    Checking defaults for C40/song/m/n on input line 112.
LaTeX Font Info:    ... okay on input line 112.
LaTeX Font Info:    Checking defaults for C42/song/m/n on input line 112.
LaTeX Font Info:    ... okay on input line 112.
LaTeX Font Info:    Checking defaults for C43/song/m/n on input line 112.
LaTeX Font Info:    ... okay on input line 112.
LaTeX Font Info:    Checking defaults for C50/song/m/n on input line 112.
LaTeX Font Info:    ... okay on input line 112.
LaTeX Font Info:    Checking defaults for C52/song/m/n on input line 112.
LaTeX Font Info:    ... okay on input line 112.
LaTeX Font Info:    Checking defaults for C49/song/m/n on input line 112.
LaTeX Font Info:    ... okay on input line 112.
LaTeX Font Info:    Checking defaults for C60/mj/m/n on input line 112.
LaTeX Font Info:    ... okay on input line 112.
LaTeX Font Info:    Checking defaults for C61/mj/m/n on input line 112.
LaTeX Font Info:    ... okay on input line 112.
LaTeX Font Info:    Checking defaults for C63/mj/m/n on input line 112.
LaTeX Font Info:    ... okay on input line 112.
LaTeX Font Info:    Checking defaults for C64/mj/m/n on input line 112.
LaTeX Font Info:    ... okay on input line 112.
LaTeX Font Info:    Checking defaults for C65/mj/m/n on input line 112.
LaTeX Font Info:    ... okay on input line 112.
LaTeX Font Info:    Checking defaults for C70/song/m/n on input line 112.
LaTeX Font Info:    ... okay on input line 112.
LaTeX Font Info:    Checking defaults for C31/song/m/n on input line 112.
LaTeX Font Info:    ... okay on input line 112.
LaTeX Font Info:    Checking defaults for C32/song/m/n on input line 112.
LaTeX Font Info:    ... okay on input line 112.
LaTeX Font Info:    Checking defaults for C33/song/m/n on input line 112.
LaTeX Font Info:    ... okay on input line 112.
LaTeX Font Info:    Checking defaults for C34/song/m/n on input line 112.
LaTeX Font Info:    ... okay on input line 112.
LaTeX Font Info:    Checking defaults for C35/song/m/n on input line 112.
LaTeX Font Info:    ... okay on input line 112.
LaTeX Font Info:    Checking defaults for C36/song/m/n on input line 112.
LaTeX Font Info:    ... okay on input line 112.
LaTeX Font Info:    Checking defaults for C37/song/m/n on input line 112.
LaTeX Font Info:    ... okay on input line 112.
LaTeX Font Info:    Checking defaults for C80/song/m/n on input line 112.
LaTeX Font Info:    ... okay on input line 112.
LaTeX Font Info:    Checking defaults for C81/song/m/n on input line 112.
LaTeX Font Info:    ... okay on input line 112.
LaTeX Font Info:    Checking defaults for C01/song/m/n on input line 112.
LaTeX Font Info:    ... okay on input line 112.
LaTeX Font Info:    Checking defaults for C11/song/m/n on input line 112.
LaTeX Font Info:    ... okay on input line 112.
LaTeX Font Info:    Checking defaults for C21/song/m/n on input line 112.
LaTeX Font Info:    ... okay on input line 112.
LaTeX Font Info:    Checking defaults for C41/song/m/n on input line 112.
LaTeX Font Info:    ... okay on input line 112.
LaTeX Font Info:    Checking defaults for C62/song/m/n on input line 112.
LaTeX Font Info:    ... okay on input line 112.
LaTeX Font Info:    Checking defaults for PD1/pdf/m/n on input line 112.
LaTeX Font Info:    ... okay on input line 112.
LaTeX Font Info:    Checking defaults for PU/pdf/m/n on input line 112.
LaTeX Font Info:    ... okay on input line 112.

ABD: EverySelectfont initializing macros
LaTeX Info: Redefining \selectfont on input line 112.

(c:/texlive/2018/texmf-dist/tex/context/base/mkii/supp-pdf.mkii
[Loading MPS to PDF converter (version 2006.09.02).]
\scratchcounter=\count285
\scratchdimen=\dimen162
\scratchbox=\box52
\nofMPsegments=\count286
\nofMParguments=\count287
\everyMPshowfont=\toks24
\MPscratchCnt=\count288
\MPscratchDim=\dimen163
\MPnumerator=\count289
\makeMPintoPDFobject=\count290
\everyMPtoPDFconversion=\toks25
) (c:/texlive/2018/texmf-dist/tex/latex/oberdiek/epstopdf-base.sty
Package: epstopdf-base 2016/05/15 v2.6 Base part for package epstopdf

(c:/texlive/2018/texmf-dist/tex/latex/oberdiek/grfext.sty
Package: grfext 2016/05/16 v1.2 Manage graphics extensions (HO)
)
Package epstopdf-base Info: Redefining graphics rule for `.eps' on input line 4
38.
Package grfext Info: Graphics extension search list:
(grfext)             [.pdf,.png,.jpg,.mps,.jpeg,.jbig2,.jb2,.PDF,.PNG,.JPG,.JPE
G,.JBIG2,.JB2,.eps]
(grfext)             \AppendGraphicsExtensions on input line 456.

(c:/texlive/2018/texmf-dist/tex/latex/latexconfig/epstopdf-sys.cfg
File: epstopdf-sys.cfg 2010/07/13 v1.3 Configuration of (r)epstopdf for TeX Liv
e
))
\AtBeginShipoutBox=\box53
Package hyperref Info: Link coloring OFF on input line 112.

(c:/texlive/2018/texmf-dist/tex/latex/hyperref/nameref.sty
Package: nameref 2016/05/21 v2.44 Cross-referencing by name of section

(c:/texlive/2018/texmf-dist/tex/generic/oberdiek/gettitlestring.sty
Package: gettitlestring 2016/05/16 v1.5 Cleanup title references (HO)
)
\c@section@level=\count291
)
LaTeX Info: Redefining \ref on input line 112.
LaTeX Info: Redefining \pageref on input line 112.
LaTeX Info: Redefining \nameref on input line 112.

(./main.out) (./main.out)
\@outlinefile=\write3
\openout3 = `main.out'.

\c@lstlisting=\count292
\c@example=\count293
\c@algorithm=\count294
\c@theorem=\count295
\c@definition=\count296
\c@axiom=\count297
\c@property=\count298
\c@proposition=\count299
\c@lemma=\count300
\c@corollary=\count301
\c@remark=\count302
\c@condition=\count303
\c@conclusion=\count304
\c@assumption=\count305
LaTeX Font Info:    Try loading font information for C70+gbsn on input line 151
.

(c:/texlive/2018/texmf-dist/tex/latex/cjk/texinput/UTF8/c70gbsn.fd
File: c70gbsn.fd 2015/04/18 4.8.4
)
(c:/texlive/2018/texmf-dist/tex/latex/cjk/texinput/UTF8/c70gbsn.fdx
File: c70gbsn.fdx 2015/04/18 4.8.4
)
LaTeX Font Info:    Try loading font information for OMS+cmr on input line 151.


(c:/texlive/2018/texmf-dist/tex/latex/base/omscmr.fd
File: omscmr.fd 2014/09/29 v2.5h Standard LaTeX font definitions
)
LaTeX Font Info:    Font shape `OMS/cmr/m/n' in size <8> not available
(Font)              Font shape `OMS/cmsy/m/n' tried instead on input line 151.
LaTeX Font Info:    Font shape `OMS/cmr/m/n' in size <6> not available
(Font)              Font shape `OMS/cmsy/m/n' tried instead on input line 151.
LaTeX Font Info:    Try loading font information for C70+rm on input line 151.

(c:/texlive/2018/texmf-dist/tex/latex/ctex/fd/c70rm.fd
File: c70rm.fd 2018/01/28 v2.4.12 Chinese font definition (CTEX)
)
LaTeX Font Info:    Try loading font information for C70+hei on input line 152.


(c:/texlive/2018/texmf-dist/tex/latex/zhmetrics/c70hei.fd
File: c70hei.fd 2009/09/23 4.8.2
) (./main.toc
Package CJKpunct Info: punctuation spaces for family 'gbsn' do not exist. Use f
amily 'def' instead. on input line 6.

(c:/texlive/2018/texmf-dist/tex/generic/ctex/zhwindowsfonts.tex
File: zhwindowsfonts.tex 2018/01/28 v2.4.12 Windows font map loader for pdfTeX 
and DVIPDFMx (CTEX)
) [1

])
\tf@toc=\write4
\openout4 = `main.toc'.

 [2]
(./ThesisFiles/part1.tex [3]
Overfull \hbox (1.27011pt too wide) in paragraph at lines 38--40
[]\C70/gbsn/m/n/10.95/73 ° \C70/gbsn/m/n/10.95/57 ( \C70/gbsn/m/n/10.95/4e å\OT
1/cmr/m/n/10.95 Bernoulli\C70/gbsn/m/n/10.95/52 ^^F \C70/gbsn/m/n/10.95/5e ^^C 
\C70/gbsn/m/n/10.95/4e : \C70/gbsn/m/n/10.95/4f ‹|\C70/gbsn/m/n/10.95/ff ^^L| \
C70/gbsn/m/n/10.95/67 „ \C70/gbsn/m/n/10.95/5e ú ^^? \C70/gbsn/m/n/10.95/4e I \
C70/gbsn/m/n/10.95/7e ¿ \C70/gbsn/m/n/10.95/60 ' \C70/gbsn/m/n/10.95/6a ! \C70/
gbsn/m/n/10.95/57 ‹|\C70/gbsn/m/n/10.95/ff ^^L| \C70/gbsn/bx/n/10.95/5f — \C70/
gbsn/m/n/10.95/52 0 \C70/gbsn/m/n/10.95/90 ; \C70/gbsn/m/n/10.95/8f ‘ \C70/gbsn
/m/n/10.95/51 ý \C70/gbsn/m/n/10.95/65 p |\C70/gbsn/m/n/10.95/ff ^^H|\C70/gbsn/
m/n/10.95/4e _ \C70/gbsn/m/n/10.95/53 ë\OT1/cmr/m/n/10.95 Sigmoid\C70/gbsn/m/n/
10.95/51 ý \C70/gbsn/m/n/10.95/65 p|\C70/gbsn/m/n/10.95/ff 	||\C70/gbsn/m/n/10.
95/30 ^^B|
 []

Package CJKpunct Info: punctuation spaces for family 'hei' do not exist. Use fa
mily 'def' instead. on input line 67.
[4pdfTeX warning (ext4): destination with the same identifier (name{equation.1.
2}) has been already used, duplicate ignored

\AtBegShi@Output ...ipout \box \AtBeginShipoutBox 
                                                  \fi \fi 
l.71 $$g(z)=\frac{1}{1+e^{-z}}$$
                                pdfTeX warning (ext4): destination with the sam
e identifier (name{equation.1.2}) has been already used, duplicate ignored

\AtBegShi@Output ...ipout \box \AtBeginShipoutBox 
                                                  \fi \fi 
l.71 $$g(z)=\frac{1}{1+e^{-z}}$$
                                ]pdfTeX warning (ext4): destination with the sa
me identifier (name{equation.1.2}) has been already used, duplicate ignored
<to be read again> 
                   \relax 
l.77 \begin{equation}
                      [5pdfTeX warning (ext4): destination with the same identi
fier (name{equation.1.3}) has been already used, duplicate ignored

\AtBegShi@Output ...ipout \box \AtBeginShipoutBox 
                                                  \fi \fi 
l.119 \end{equation}
                    pdfTeX warning (ext4): destination with the same identifier
 (name{equation.1.3}) has been already used, duplicate ignored

\AtBegShi@Output ...ipout \box \AtBeginShipoutBox 
                                                  \fi \fi 
l.119 \end{equation}
                    ]pdfTeX warning (ext4): destination with the same identifie
r (name{equation.1.3}) has been already used, duplicate ignored
<to be read again> 
                   \relax 
l.136 \begin{equation}
                      \nonumber [6pdfTeX warning (ext4): destination with the s
ame identifier (name{equation.1.3}) has been already used, duplicate ignored

\AtBegShi@Output ...ipout \box \AtBeginShipoutBox 
                                                  \fi \fi 
l.158         weights 
                      = weights + alpha * dataMatrix.transpose()* error #mat...
]
Package epstopdf Info: Source file: <Figure/1141.eps>
(epstopdf)                    date: 2018-07-19 16:25:10
(epstopdf)                    size: 15838 bytes
(epstopdf)             Output file: <Figure/1141-eps-converted-to.pdf>
(epstopdf)                    date: 2018-07-19 16:25:10
(epstopdf)                    size: 14477 bytes
(epstopdf)             Command: <repstopdf --outfile=Figure/1141-eps-converted-
to.pdf Figure/1141.eps>
(epstopdf)             \includegraphics on input line 188.
Package epstopdf Info: Output file is already uptodate.
<Figure/1141-eps-converted-to.pdf, id=394, 433.62pt x 289.08pt>
File: Figure/1141-eps-converted-to.pdf Graphic file (type pdf)
<use Figure/1141-eps-converted-to.pdf>
Package pdftex.def Info: Figure/1141-eps-converted-to.pdf  used on input line 1
88.
(pdftex.def)             Requested size: 250.27304pt x 166.85048pt.
pdfTeX warning (ext4): destination with the same identifier (name{equation.1.3}
) has been already used, duplicate ignored
<to be read again> 
                   \relax 
l.200 \begin{equation}
                      \nonumber [7]
Package epstopdf Info: Source file: <Figure/1142.eps>
(epstopdf)                    date: 2018-07-19 16:25:10
(epstopdf)                    size: 16238 bytes
(epstopdf)             Output file: <Figure/1142-eps-converted-to.pdf>
(epstopdf)                    date: 2018-07-19 16:25:10
(epstopdf)                    size: 14537 bytes
(epstopdf)             Command: <repstopdf --outfile=Figure/1142-eps-converted-
to.pdf Figure/1142.eps>
(epstopdf)             \includegraphics on input line 225.
Package epstopdf Info: Output file is already uptodate.
<Figure/1142-eps-converted-to.pdf, id=429, 433.62pt x 289.08pt>
File: Figure/1142-eps-converted-to.pdf Graphic file (type pdf)
<use Figure/1142-eps-converted-to.pdf>
Package pdftex.def Info: Figure/1142-eps-converted-to.pdf  used on input line 2
25.
(pdftex.def)             Requested size: 250.27304pt x 166.85048pt.
Package CJKpunct Info: use punctuation spaces for family 'rm' with punctstyle (
quanjiao) on input line 226.
Package epstopdf Info: Source file: <Figure/1143.eps>
(epstopdf)                    date: 2018-07-19 16:25:10
(epstopdf)                    size: 873981 bytes
(epstopdf)             Output file: <Figure/1143-eps-converted-to.pdf>
(epstopdf)                    date: 2018-07-19 16:25:10
(epstopdf)                    size: 211948 bytes
(epstopdf)             Command: <repstopdf --outfile=Figure/1143-eps-converted-
to.pdf Figure/1143.eps>
(epstopdf)             \includegraphics on input line 232.
Package epstopdf Info: Output file is already uptodate.
<Figure/1143-eps-converted-to.pdf, id=430, 289.08pt x 213.79875pt>
File: Figure/1143-eps-converted-to.pdf Graphic file (type pdf)
<use Figure/1143-eps-converted-to.pdf>
Package pdftex.def Info: Figure/1143-eps-converted-to.pdf  used on input line 2
32.
(pdftex.def)             Requested size: 271.12381pt x 200.52716pt.

Underfull \hbox (badness 10000) in paragraph at lines 236--241

 []

[8 <./Figure/1141-eps-converted-to.pdf>] [9 <./Figure/1142-eps-converted-to.pdf
> <./Figure/1143-eps-converted-to.pdf>]
Package epstopdf Info: Source file: <Figure/1144.eps>
(epstopdf)                    date: 2018-07-19 16:25:10
(epstopdf)                    size: 15844 bytes
(epstopdf)             Output file: <Figure/1144-eps-converted-to.pdf>
(epstopdf)                    date: 2018-07-19 16:25:10
(epstopdf)                    size: 14450 bytes
(epstopdf)             Command: <repstopdf --outfile=Figure/1144-eps-converted-
to.pdf Figure/1144.eps>
(epstopdf)             \includegraphics on input line 266.
Package epstopdf Info: Output file is already uptodate.
<Figure/1144-eps-converted-to.pdf, id=553, 433.62pt x 289.08pt>
File: Figure/1144-eps-converted-to.pdf Graphic file (type pdf)
<use Figure/1144-eps-converted-to.pdf>
Package pdftex.def Info: Figure/1144-eps-converted-to.pdf  used on input line 2
66.
(pdftex.def)             Requested size: 250.27304pt x 166.85048pt.
Package epstopdf Info: Source file: <Figure/1145.eps>
(epstopdf)                    date: 2018-07-19 16:25:10
(epstopdf)                    size: 827545 bytes
(epstopdf)             Output file: <Figure/1145-eps-converted-to.pdf>
(epstopdf)                    date: 2018-07-19 16:25:10
(epstopdf)                    size: 205996 bytes
(epstopdf)             Command: <repstopdf --outfile=Figure/1145-eps-converted-
to.pdf Figure/1145.eps>
(epstopdf)             \includegraphics on input line 278.
Package epstopdf Info: Output file is already uptodate.
<Figure/1145-eps-converted-to.pdf, id=554, 336.25626pt x 253.94875pt>
File: Figure/1145-eps-converted-to.pdf Graphic file (type pdf)
<use Figure/1145-eps-converted-to.pdf>
Package pdftex.def Info: Figure/1145-eps-converted-to.pdf  used on input line 2
78.
(pdftex.def)             Requested size: 271.12381pt x 204.75961pt.

Overfull \hbox (17.6888pt too wide) in paragraph at lines 287--289
[]\C70/gbsn/m/n/10.95/5c ^^F \C70/gbsn/bx/n/10.95/4f ^^? \C70/gbsn/m/n/10.95/75
 (\OT1/cmr/m/n/10.95 Logistic\C70/gbsn/bx/n/10.95/56 Þ \C70/gbsn/bx/n/10.95/5f 
R \C70/gbsn/bx/n/10.95/67 e \C70/gbsn/m/n/10.95/98 „ \C70/gbsn/m/n/10.95/6d K \
C70/gbsn/m/n/10.95/60 £ \C70/gbsn/bx/n/10.95/67 	 \C70/gbsn/m/n/10.95/75  Å \C
70/gbsn/bx/n/10.95/76 „ \C70/gbsn/m/n/10.95/9a l \C70/gbsn/bx/n/10.95/76 „ \C70
/gbsn/m/n/10.95/5b X \C70/gbsn/m/n/10.95/6d ; \C70/gbsn/m/n/10.95/95 î \C70/gbs
n/m/n/10.95/98 ˜|\C70/gbsn/m/n/10.95/30 ^^B| \C70/gbsn/bx/n/10.95/8f Ù \C70/gbs
n/m/n/10.95/91 Ì \C70/gbsn/bx/n/10.95/65 p \C70/gbsn/m/n/10.95/63 n \C70/gbsn/b
x/n/10.95/53 ^^E \C70/gbsn/m/n/10.95/54 +\OT1/cmr/m/n/10.95 368\C70/gbsn/bx/n/1
0.95/4e * \C70/gbsn/bx/n/10.95/68 7 \C70/gbsn/bx/n/10.95/67 ,|\C70/gbsn/m/n/10.
95/ff ^^L| \C70/gbsn/bx/n/10.95/4e ^^N\OT1/cmr/m/n/10.95 28\C70/gbsn/bx/n/10.95
/4e *
 []

[10 <./Figure/1144-eps-converted-to.pdf>] [11 <./Figure/1145-eps-converted-to.p
df>] [12] [13] [14]pdfTeX warning (ext4): destination with the same identifier 
(name{equation.1.3}) has been already used, duplicate ignored
<to be read again> 
                   \relax 
l.416 \begin{equation}
                      \nonumberpdfTeX warning (ext4): destination with the same
 identifier (name{equation.1.3}) has been already used, duplicate ignored
<to be read again> 
                   \relax 
l.425 \begin{equation}
                      \nonumber [15]
Package epstopdf Info: Source file: <Figure/Gaussion1.eps>
(epstopdf)                    date: 2018-07-19 16:25:10
(epstopdf)                    size: 20119331 bytes
(epstopdf)             Output file: <Figure/Gaussion1-eps-converted-to.pdf>
(epstopdf)                    date: 2018-07-19 16:25:10
(epstopdf)                    size: 293149 bytes
(epstopdf)             Command: <repstopdf --outfile=Figure/Gaussion1-eps-conve
rted-to.pdf Figure/Gaussion1.eps>
(epstopdf)             \includegraphics on input line 443.
Package epstopdf Info: Output file is already uptodate.
<Figure/Gaussion1-eps-converted-to.pdf, id=735, 402.50375pt x 107.40125pt>
File: Figure/Gaussion1-eps-converted-to.pdf Graphic file (type pdf)
<use Figure/Gaussion1-eps-converted-to.pdf>
Package pdftex.def Info: Figure/Gaussion1-eps-converted-to.pdf  used on input l
ine 443.
(pdftex.def)             Requested size: 417.1175pt x 111.30133pt.
Package epstopdf Info: Source file: <Figure/Gaussion2.eps>
(epstopdf)                    date: 2018-07-19 16:25:10
(epstopdf)                    size: 20228238 bytes
(epstopdf)             Output file: <Figure/Gaussion2-eps-converted-to.pdf>
(epstopdf)                    date: 2018-07-19 16:25:10
(epstopdf)                    size: 273268 bytes
(epstopdf)             Command: <repstopdf --outfile=Figure/Gaussion2-eps-conve
rted-to.pdf Figure/Gaussion2.eps>
(epstopdf)             \includegraphics on input line 460.
Package epstopdf Info: Output file is already uptodate.
<Figure/Gaussion2-eps-converted-to.pdf, id=736, 396.48125pt x 107.40125pt>
File: Figure/Gaussion2-eps-converted-to.pdf Graphic file (type pdf)
<use Figure/Gaussion2-eps-converted-to.pdf>
Package pdftex.def Info: Figure/Gaussion2-eps-converted-to.pdf  used on input l
ine 460.
(pdftex.def)             Requested size: 417.1175pt x 112.99422pt.
 [16 <./Figure/Gaussion1-eps-converted-to.pdf> <./Figure/Gaussion2-eps-converte
d-to.pdf>]
Package epstopdf Info: Source file: <Figure/GaussionO1.eps>
(epstopdf)                    date: 2018-07-19 16:25:10
(epstopdf)                    size: 20135184 bytes
(epstopdf)             Output file: <Figure/GaussionO1-eps-converted-to.pdf>
(epstopdf)                    date: 2018-07-19 16:25:10
(epstopdf)                    size: 32966 bytes
(epstopdf)             Command: <repstopdf --outfile=Figure/GaussionO1-eps-conv
erted-to.pdf Figure/GaussionO1.eps>
(epstopdf)             \includegraphics on input line 478.
Package epstopdf Info: Output file is already uptodate.
<Figure/GaussionO1-eps-converted-to.pdf, id=769, 399.4925pt x 112.42pt>
File: Figure/GaussionO1-eps-converted-to.pdf Graphic file (type pdf)
<use Figure/GaussionO1-eps-converted-to.pdf>
Package pdftex.def Info: Figure/GaussionO1-eps-converted-to.pdf  used on input 
line 478.
(pdftex.def)             Requested size: 417.1175pt x 117.38577pt.
Package epstopdf Info: Source file: <Figure/GaussionO2.eps>
(epstopdf)                    date: 2018-07-19 16:25:10
(epstopdf)                    size: 20137307 bytes
(epstopdf)             Output file: <Figure/GaussionO2-eps-converted-to.pdf>
(epstopdf)                    date: 2018-07-19 16:25:10
(epstopdf)                    size: 32545 bytes
(epstopdf)             Command: <repstopdf --outfile=Figure/GaussionO2-eps-conv
erted-to.pdf Figure/GaussionO2.eps>
(epstopdf)             \includegraphics on input line 484.
Package epstopdf Info: Output file is already uptodate.
<Figure/GaussionO2-eps-converted-to.pdf, id=770, 399.4925pt x 107.40125pt>
File: Figure/GaussionO2-eps-converted-to.pdf Graphic file (type pdf)
<use Figure/GaussionO2-eps-converted-to.pdf>
Package pdftex.def Info: Figure/GaussionO2-eps-converted-to.pdf  used on input 
line 484.
(pdftex.def)             Requested size: 417.1175pt x 112.14531pt.
Package epstopdf Info: Source file: <Figure/Gaussion3.eps>
(epstopdf)                    date: 2018-07-19 16:25:10
(epstopdf)                    size: 20150573 bytes
(epstopdf)             Output file: <Figure/Gaussion3-eps-converted-to.pdf>
(epstopdf)                    date: 2018-07-19 16:25:10
(epstopdf)                    size: 286976 bytes
(epstopdf)             Command: <repstopdf --outfile=Figure/Gaussion3-eps-conve
rted-to.pdf Figure/Gaussion3.eps>
(epstopdf)             \includegraphics on input line 502.
Package epstopdf Info: Output file is already uptodate.
<Figure/Gaussion3-eps-converted-to.pdf, id=771, 399.4925pt x 115.43124pt>
File: Figure/Gaussion3-eps-converted-to.pdf Graphic file (type pdf)
<use Figure/Gaussion3-eps-converted-to.pdf>
Package pdftex.def Info: Figure/Gaussion3-eps-converted-to.pdf  used on input l
ine 502.
(pdftex.def)             Requested size: 417.1175pt x 120.53001pt.
pdfTeX warning (ext4): destination with the same identifier (name{equation.1.3}
) has been already used, duplicate ignored
<to be read again> 
                   \relax 
l.520 \begin{equation}
                      \nonumber [17 <./Figure/GaussionO1-eps-converted-to.pdf> 
<./Figure/GaussionO2-eps-converted-to.pdf> <./Figure/Gaussion3-eps-converted-to
.pdf>]pdfTeX warning (ext4): destination with the same identifier (name{equatio
n.1.3}) has been already used, duplicate ignored
<to be read again> 
                   \relax 
l.528 \begin{equation}
                      \nonumberpdfTeX warning (ext4): destination with the same
 identifier (name{equation.1.3}) has been already used, duplicate ignored
<to be read again> 
                   \relax 
l.538 \begin{equation}
                      \nonumberpdfTeX warning (ext4): destination with the same
 identifier (name{equation.1.3}) has been already used, duplicate ignored
<to be read again> 
                   \relax 
l.544 \begin{equation}
                      \nonumber
Underfull \hbox (badness 10000) in paragraph at lines 553--558

 []

Package epstopdf Info: Source file: <Figure/GaussionOO.eps>
(epstopdf)                    date: 2018-07-19 16:25:10
(epstopdf)                    size: 2559829 bytes
(epstopdf)             Output file: <Figure/GaussionOO-eps-converted-to.pdf>
(epstopdf)                    date: 2018-07-19 16:25:10
(epstopdf)                    size: 34315 bytes
(epstopdf)             Command: <repstopdf --outfile=Figure/GaussionOO-eps-conv
erted-to.pdf Figure/GaussionOO.eps>
(epstopdf)             \includegraphics on input line 562.
Package epstopdf Info: Output file is already uptodate.
<Figure/GaussionOO-eps-converted-to.pdf, id=813, 233.87375pt x 180.675pt>
File: Figure/GaussionOO-eps-converted-to.pdf Graphic file (type pdf)
<use Figure/GaussionOO-eps-converted-to.pdf>
Package pdftex.def Info: Figure/GaussionOO-eps-converted-to.pdf  used on input 
line 562.
(pdftex.def)             Requested size: 250.27304pt x 193.35341pt.
[18]pdfTeX warning (ext4): destination with the same identifier (name{equation.
1.3}) has been already used, duplicate ignored
<to be read again> 
                   \relax 
l.571 \begin{equation}
                      \nonumber
Overfull \hbox (28.52054pt too wide) detected at line 577
[]
 []

pdfTeX warning (ext4): destination with the same identifier (name{equation.1.3}
) has been already used, duplicate ignored
<to be read again> 
                   \relax 
l.579 \begin{equation}
                      \nonumberpdfTeX warning (ext4): destination with the same
 identifier (name{equation.1.3}) has been already used, duplicate ignored
<to be read again> 
                   \relax 
l.589 \begin{equation}
                      \nonumber [19 <./Figure/GaussionOO-eps-converted-to.pdf>]
pdfTeX warning (ext4): destination with the same identifier (name{equation.1.3}
) has been already used, duplicate ignored
<to be read again> 
                   \relax 
l.595 \begin{equation}
                      \nonumberpdfTeX warning (ext4): destination with the same
 identifier (name{equation.1.3}) has been already used, duplicate ignored
<to be read again> 
                   \relax 
l.604 \begin{equation}
                      \nonumberpdfTeX warning (ext4): destination with the same
 identifier (name{equation.1.3}) has been already used, duplicate ignored
<to be read again> 
                   \relax 
l.610 \begin{equation}
                      \nonumberpdfTeX warning (ext4): destination with the same
 identifier (name{equation.1.3}) has been already used, duplicate ignored
<to be read again> 
                   \relax 
l.616 \begin{equation}
                      \nonumberpdfTeX warning (ext4): destination with the same
 identifier (name{equation.1.3}) has been already used, duplicate ignored
<to be read again> 
                   \relax 
l.626 \begin{equation}
                      \nonumberpdfTeX warning (ext4): destination with the same
 identifier (name{equation.1.3}) has been already used, duplicate ignored
<to be read again> 
                   \relax 
l.633 \begin{equation}
                      \nonumberpdfTeX warning (ext4): destination with the same
 identifier (name{equation.1.3}) has been already used, duplicate ignored
<to be read again> 
                   \relax 
l.640 \begin{equation}
                      \nonumber [20]pdfTeX warning (ext4): destination with the
 same identifier (name{equation.1.3}) has been already used, duplicate ignored
<to be read again> 
                   \relax 
l.650 \begin{equation}
                      \nonumberpdfTeX warning (ext4): destination with the same
 identifier (name{equation.1.3}) has been already used, duplicate ignored
<to be read again> 
                   \relax 
l.656 \begin{equation}
                      \nonumberpdfTeX warning (ext4): destination with the same
 identifier (name{equation.1.3}) has been already used, duplicate ignored
<to be read again> 
                   \relax 
l.662 \begin{equation}
                      \nonumberpdfTeX warning (ext4): destination with the same
 identifier (name{equation.1.3}) has been already used, duplicate ignored
<to be read again> 
                   \relax 
l.669 \begin{equation}
                      \nonumberpdfTeX warning (ext4): destination with the same
 identifier (name{equation.1.3}) has been already used, duplicate ignored
<to be read again> 
                   \relax 
l.678 \begin{equation}
                      \nonumberpdfTeX warning (ext4): destination with the same
 identifier (name{equation.1.3}) has been already used, duplicate ignored
<to be read again> 
                   \relax 
l.685 \begin{equation}
                      \nonumber [21]pdfTeX warning (ext4): destination with the
 same identifier (name{equation.1.3}) has been already used, duplicate ignored
<to be read again> 
                   \relax 
l.699 \begin{equation}
                      \nonumberpdfTeX warning (ext4): destination with the same
 identifier (name{equation.1.3}) has been already used, duplicate ignored
<to be read again> 
                   \relax 
l.707 \begin{equation}
                      \nonumberpdfTeX warning (ext4): destination with the same
 identifier (name{equation.1.3}) has been already used, duplicate ignored
<to be read again> 
                   \relax 
l.714 \begin{equation}
                      \nonumberpdfTeX warning (ext4): destination with the same
 identifier (name{equation.1.3}) has been already used, duplicate ignored
<to be read again> 
                   \relax 
l.721 \begin{equation}
                      \nonumberpdfTeX warning (ext4): destination with the same
 identifier (name{equation.1.3}) has been already used, duplicate ignored
<to be read again> 
                   \relax 
l.729 \begin{equation}
                      \nonumber
Overfull \hbox (7.18007pt too wide) in paragraph at lines 739--743
\OT1/cmr/m/n/10.95 3.\C70/gbsn/bx/n/10.95/5f S \C70/gbsn/bx/n/10.95/8b ­ \C70/g
bsn/bx/n/10.95/7e Ã \C70/gbsn/bx/n/10.95/68 7 \C70/gbsn/bx/n/10.95/67 , \C70/gb
sn/bx/n/10.95/65 p \C70/gbsn/bx/n/10.95/5f ˆ \C70/gbsn/bx/n/10.95/59 ' \C70/gbs
n/bx/n/10.95/65 ö|\C70/gbsn/bx/n/10.95/ff ^^L| \C70/gbsn/bx/n/10.95/68 9 \C70/g
bsn/bx/n/10.95/63 n \C70/gbsn/bx/n/10.95/4e - \C70/gbsn/bx/n/10.95/5f Ã \C70/gb
sn/bx/n/10.95/67  \C70/gbsn/bx/n/10.95/96 P \C70/gbsn/bx/n/10.95/5b š \C70/gbs
n/m/n/10.95/74 ^^F|\C70/gbsn/bx/n/10.95/ff ^^L| \C70/gbsn/bx/n/10.95/65 p \C70/
gbsn/bx/n/10.95/63 n \C70/gbsn/bx/n/10.95/5c ^^F \C70/gbsn/bx/n/10.95/65 à \C70
/gbsn/bx/n/10.95/96 P \C70/gbsn/m/n/10.95/90 < \C70/gbsn/bx/n/10.95/8f Ñ \C70/g
bsn/bx/n/10.95/4e Ž \C70/gbsn/bx/n/10.95/9a Ø \C70/gbsn/bx/n/10.95/65 ¯ \C70/gb
sn/m/n/10.95/52 ^^F \C70/gbsn/bx/n/10.95/5e ^^C|\C70/gbsn/bx/n/10.95/ff ^^L| \C
70/gbsn/m/n/10.95/52 ^^Y \C70/gbsn/bx/n/10.95/6b d \C70/gbsn/bx/n/10.95/65 ö\OT
1/cmr/m/n/10.95 GDA\C70/gbsn/bx/n/10.95/76 „
 []


Underfull \hbox (badness 10000) in paragraph at lines 739--743

 []

[22]
Underfull \hbox (badness 10000) in paragraph at lines 744--749

 []

[23]
Underfull \hbox (badness 10000) in paragraph at lines 759--761

 []


Underfull \hbox (badness 10000) in paragraph at lines 761--763

 []


Underfull \hbox (badness 10000) in paragraph at lines 765--767

 []


Underfull \hbox (badness 10000) in paragraph at lines 767--769

 []


Underfull \hbox (badness 10000) in paragraph at lines 769--775

 []

[24]pdfTeX warning (ext4): destination with the same identifier (name{equation.
1.3}) has been already used, duplicate ignored
<to be read again> 
                   \relax 
l.782 \begin{equation}
                      \nonumberpdfTeX warning (ext4): destination with the same
 identifier (name{equation.1.3}) has been already used, duplicate ignored
<to be read again> 
                   \relax 
l.791 \begin{equation}
                      \nonumber
LaTeX Font Info:    Font shape `OMS/cmr/m/n' in size <10.95> not available
(Font)              Font shape `OMS/cmsy/m/n' tried instead on input line 803.
 [25]pdfTeX warning (ext4): destination with the same identifier (name{equation
.1.3}) has been already used, duplicate ignored
<to be read again> 
                   \relax 
l.808 \begin{equation}
                      \nonumberpdfTeX warning (ext4): destination with the same
 identifier (name{equation.1.3}) has been already used, duplicate ignored
<to be read again> 
                   \relax 
l.816 \begin{equation}
                      \nonumberpdfTeX warning (ext4): destination with the same
 identifier (name{equation.1.3}) has been already used, duplicate ignored
<to be read again> 
                   \relax 
l.824 \begin{equation}
                      \nonumberpdfTeX warning (ext4): destination with the same
 identifier (name{equation.1.3}) has been already used, duplicate ignored
<to be read again> 
                   \relax 
l.830 \begin{equation}
                      \nonumber [26]pdfTeX warning (ext4): destination with the
 same identifier (name{equation.1.3}) has been already used, duplicate ignored
<to be read again> 
                   \relax 
l.846 \begin{equation}
                      \nonumberpdfTeX warning (ext4): destination with the same
 identifier (name{equation.1.3}) has been already used, duplicate ignored
<to be read again> 
                   \relax 
l.853 \begin{equation}
                      \nonumberpdfTeX warning (ext4): destination with the same
 identifier (name{equation.1.3}) has been already used, duplicate ignored
<to be read again> 
                   \relax 
l.861 \begin{equation}
                      \nonumber [27]pdfTeX warning (ext4): destination with the
 same identifier (name{equation.1.3}) has been already used, duplicate ignored
<to be read again> 
                   \relax 
l.867 \begin{equation}
                      \nonumberpdfTeX warning (ext4): destination with the same
 identifier (name{equation.1.3}) has been already used, duplicate ignored
<to be read again> 
                   \relax 
l.882 \begin{equation}
                      \nonumber [28]pdfTeX warning (ext4): destination with the
 same identifier (name{equation.1.3}) has been already used, duplicate ignored
<to be read again> 
                   \relax 
l.901 \begin{equation}
                      \nonumber [29]
LaTeX Font Info:    Font shape `OMS/cmr/bx/n' in size <10.95> not available
(Font)              Font shape `OMS/cmsy/b/n' tried instead on input line 924.
 [30] [31] [32] [33] [34]
Overfull \hbox (23.07275pt too wide) in paragraph at lines 1119--1122
[]\C70/gbsn/bx/n/10.95/5f S \C70/gbsn/bx/n/10.95/62 ^^Q \C70/gbsn/bx/n/10.95/4e
 ì \C70/gbsn/m/n/10.95/97 b \C70/gbsn/bx/n/10.95/5b ù \C70/gbsn/bx/n/10.95/56 Þ
 \C70/gbsn/bx/n/10.95/5f R \C70/gbsn/m/n/10.95/95 î \C70/gbsn/bx/n/10.95/98 ˜ \
C70/gbsn/bx/n/10.95/65 ö|\C70/gbsn/bx/n/10.95/ff ^^L| \C70/gbsn/bx/n/10.95/4e :
 À H \C70/gbsn/bx/n/10.95/4f ^^Z \C70/gbsn/bx/n/10.95/91 Ç \C70/gbsn/bx/n/10.95
/75 ( \C70/gbsn/bx/n/10.95/7e ¿ \C70/gbsn/bx/n/10.95/60 ' \C70/gbsn/bx/n/10.95/
56 Þ \C70/gbsn/bx/n/10.95/5f R|\C70/gbsn/bx/n/10.95/ff ^^L| \C70/gbsn/bx/n/10.9
5/67 ^^@ \C70/gbsn/bx/n/10.95/5c ^^O \C70/gbsn/bx/n/10.95/4e Œ X \C70/gbsn/bx/n
/10.95/6c Õ \C70/gbsn/bx/n/10.95/67 e \C70/gbsn/bx/n/10.95/5b š \C70/gbsn/bx/n/
10.95/4e I \C70/gbsn/bx/n/10.95/62 ^^P \C70/gbsn/bx/n/10.95/67 , \C70/gbsn/bx/n
/10.95/51 ý \C70/gbsn/bx/n/10.95/65 p|\C70/gbsn/bx/n/10.95/ff ^^L| \C70/gbsn/bx
/n/10.95/53 s\OT1/cmr/m/n/10.95 1/2\C70/gbsn/bx/n/10.95/76 „
 []


Underfull \hbox (badness 10000) in paragraph at lines 1119--1122

 []

[35pdfTeX warning (ext4): destination with the same identifier (name{equation.2
.1}) has been already used, duplicate ignored

\AtBegShi@Output ...ipout \box \AtBeginShipoutBox 
                                                  \fi \fi 
l.1122 ...i)} = \theta^T x^{(i)}+ \epsilon^{(i)}$$
                                                  ]
Underfull \hbox (badness 10000) in paragraph at lines 1126--1128

 []

pdfTeX warning (ext4): destination with the same identifier (name{equation.2.1}
) has been already used, duplicate ignored
<to be read again> 
                   \relax 
l.1131 \begin{equation}
                       \nonumberpdfTeX warning (ext4): destination with the sam
e identifier (name{equation.2.1}) has been already used, duplicate ignored
<to be read again> 
                   \relax 
l.1143 \begin{equation}
                       \nonumberpdfTeX warning (ext4): destination with the sam
e identifier (name{equation.2.1}) has been already used, duplicate ignored
<to be read again> 
                   \relax 
l.1154 \begin{equation}
                       \nonumber [36]pdfTeX warning (ext4): destination with th
e same identifier (name{equation.2.1}) has been already used, duplicate ignored

<to be read again> 
                   \relax 
l.1165 \begin{equation}
                       \nonumber
Underfull \hbox (badness 10000) in paragraph at lines 1180--1181

 []

pdfTeX warning (ext4): destination with the same identifier (name{equation.2.1}
) has been already used, duplicate ignored
<to be read again> 
                   \relax 
l.1183 \begin{equation}
                       \nonumber
Underfull \hbox (badness 10000) in paragraph at lines 1190--1192

 []

pdfTeX warning (ext4): destination with the same identifier (name{equation.2.1}
) has been already used, duplicate ignored
<to be read again> 
                   \relax 
l.1200 \end{align}
                   [37] [38]pdfTeX warning (ext4): destination with the same id
entifier (name{equation.2.6}) has been already used, duplicate ignored
<to be read again> 
                   \relax 
l.1241 \begin{equation}
                       \nonumber [39]
Package epstopdf Info: Source file: <Figure/2141.eps>
(epstopdf)                    date: 2018-07-19 16:25:10
(epstopdf)                    size: 17325 bytes
(epstopdf)             Output file: <Figure/2141-eps-converted-to.pdf>
(epstopdf)                    date: 2018-07-19 16:25:10
(epstopdf)                    size: 35134 bytes
(epstopdf)             Command: <repstopdf --outfile=Figure/2141-eps-converted-
to.pdf Figure/2141.eps>
(epstopdf)             \includegraphics on input line 1313.
Package epstopdf Info: Output file is already uptodate.
<Figure/2141-eps-converted-to.pdf, id=1080, 433.62pt x 289.08pt>
File: Figure/2141-eps-converted-to.pdf Graphic file (type pdf)
<use Figure/2141-eps-converted-to.pdf>
Package pdftex.def Info: Figure/2141-eps-converted-to.pdf  used on input line 1
313.
(pdftex.def)             Requested size: 250.27304pt x 166.85048pt.
 [40]pdfTeX warning (ext4): destination with the same identifier (name{equation
.2.6}) has been already used, duplicate ignored
<to be read again> 
                   \relax 
l.1326 \begin{equation}
                       \nonumberpdfTeX warning (ext4): destination with the sam
e identifier (name{equation.2.6}) has been already used, duplicate ignored
<to be read again> 
                   \relax 
l.1346 \begin{equation}
                       \nonumber
Underfull \hbox (badness 10000) in paragraph at lines 1337--1346

 []

[41 <./Figure/2141-eps-converted-to.pdf>]
Package epstopdf Info: Source file: <Figure/tau.eps>
(epstopdf)                    date: 2018-07-19 16:25:10
(epstopdf)                    size: 750505 bytes
(epstopdf)             Output file: <Figure/tau-eps-converted-to.pdf>
(epstopdf)                    date: 2018-07-19 16:25:10
(epstopdf)                    size: 183888 bytes
(epstopdf)             Command: <repstopdf --outfile=Figure/tau-eps-converted-t
o.pdf Figure/tau.eps>
(epstopdf)             \includegraphics on input line 1379.
Package epstopdf Info: Output file is already uptodate.
<Figure/tau-eps-converted-to.pdf, id=1145, 268.00125pt x 204.765pt>
File: Figure/tau-eps-converted-to.pdf Graphic file (type pdf)
<use Figure/tau-eps-converted-to.pdf>
Package pdftex.def Info: Figure/tau-eps-converted-to.pdf  used on input line 13
79.
(pdftex.def)             Requested size: 229.4159pt x 175.28209pt.


LaTeX Warning: `!h' float specifier changed to `!ht'.

Package epstopdf Info: Source file: <Figure/lwlr1.eps>
(epstopdf)                    date: 2018-07-19 16:25:10
(epstopdf)                    size: 17506 bytes
(epstopdf)             Output file: <Figure/lwlr1-eps-converted-to.pdf>
(epstopdf)                    date: 2018-07-19 16:25:10
(epstopdf)                    size: 32386 bytes
(epstopdf)             Command: <repstopdf --outfile=Figure/lwlr1-eps-converted
-to.pdf Figure/lwlr1.eps>
(epstopdf)             \includegraphics on input line 1386.
Package epstopdf Info: Output file is already uptodate.
<Figure/lwlr1-eps-converted-to.pdf, id=1146, 433.62pt x 289.08pt>
File: Figure/lwlr1-eps-converted-to.pdf Graphic file (type pdf)
<use Figure/lwlr1-eps-converted-to.pdf>
Package pdftex.def Info: Figure/lwlr1-eps-converted-to.pdf  used on input line 
1386.
(pdftex.def)             Requested size: 250.27304pt x 166.85048pt.
Package epstopdf Info: Source file: <Figure/lwlr0_01.eps>
(epstopdf)                    date: 2018-07-19 16:25:10
(epstopdf)                    size: 19453 bytes
(epstopdf)             Output file: <Figure/lwlr0_01-eps-converted-to.pdf>
(epstopdf)                    date: 2018-07-19 16:25:10
(epstopdf)                    size: 32637 bytes
(epstopdf)             Command: <repstopdf --outfile=Figure/lwlr0_01-eps-conver
ted-to.pdf Figure/lwlr0_01.eps>
(epstopdf)             \includegraphics on input line 1391.
Package epstopdf Info: Output file is already uptodate.
<Figure/lwlr0_01-eps-converted-to.pdf, id=1147, 433.62pt x 289.08pt>
File: Figure/lwlr0_01-eps-converted-to.pdf Graphic file (type pdf)
<use Figure/lwlr0_01-eps-converted-to.pdf>
Package pdftex.def Info: Figure/lwlr0_01-eps-converted-to.pdf  used on input li
ne 1391.
(pdftex.def)             Requested size: 250.27304pt x 166.85048pt.
Package epstopdf Info: Source file: <Figure/lwlr0_003.eps>
(epstopdf)                    date: 2018-07-19 16:25:10
(epstopdf)                    size: 20794 bytes
(epstopdf)             Output file: <Figure/lwlr0_003-eps-converted-to.pdf>
(epstopdf)                    date: 2018-07-19 16:25:10
(epstopdf)                    size: 33079 bytes
(epstopdf)             Command: <repstopdf --outfile=Figure/lwlr0_003-eps-conve
rted-to.pdf Figure/lwlr0_003.eps>
(epstopdf)             \includegraphics on input line 1396.
Package epstopdf Info: Output file is already uptodate.
<Figure/lwlr0_003-eps-converted-to.pdf, id=1148, 433.62pt x 289.08pt>
File: Figure/lwlr0_003-eps-converted-to.pdf Graphic file (type pdf)
<use Figure/lwlr0_003-eps-converted-to.pdf>
Package pdftex.def Info: Figure/lwlr0_003-eps-converted-to.pdf  used on input l
ine 1396.
(pdftex.def)             Requested size: 250.27304pt x 166.85048pt.

Underfull \hbox (badness 10000) in paragraph at lines 1383--1403

 []


LaTeX Warning: `!h' float specifier changed to `!ht'.

[42] [43 <./Figure/tau-eps-converted-to.pdf> <./Figure/lwlr1-eps-converted-to.p
df> <./Figure/lwlr0_01-eps-converted-to.pdf>]pdfTeX warning (ext4): destination
 with the same identifier (name{equation.2.6}) has been already used, duplicate
 ignored
<to be read again> 
                   \relax 
l.1407 \begin{equation}
                       \nonumber [44 <./Figure/lwlr0_003-eps-converted-to.pdf>]
[45])
Package atveryend Info: Empty hook `BeforeClearDocument' on input line 161.
 [46]
Package atveryend Info: Empty hook `AfterLastShipout' on input line 161.
 (./main.aux)
Package atveryend Info: Executing hook `AtVeryEndDocument' on input line 161.
Package atveryend Info: Executing hook `AtEndAfterFileList' on input line 161.
Package rerunfilecheck Info: File `main.out' has not changed.
(rerunfilecheck)             Checksum: 2DD1B485404F3FA6AB762A74C2409F20;4593.
Package atveryend Info: Empty hook `AtVeryVeryEnd' on input line 161.
 ) 
Here is how much of TeX's memory you used:
 27094 strings out of 494534
 464619 string characters out of 6176265
 500441 words of memory out of 5000000
 29526 multiletter control sequences out of 15000+600000
 592573 words of font info for 249 fonts, out of 8000000 for 9000
 36 hyphenation exceptions out of 8191
 42i,27n,56p,10410b,2718s stack positions out of 5000i,500n,10000p,200000b,80000s
<c:/Windows/Fonts/simhei.ttf><c:/Windows/Fonts/simhei.ttf><c:/Windows/Fonts/s
imsun.ttc><c:/Windows/Fonts/simsun.ttc><c:/Windows/Fonts/simsun.ttc><c:/Windows
/Fonts/simhei.ttf><c:/Windows/Fonts/simhei.ttf><c:/Windows/Fonts/simhei.ttf><c:
/Windows/Fonts/simhei.ttf><c:/Windows/Fonts/simhei.ttf><c:/Windows/Fonts/simhei
.ttf><c:/Windows/Fonts/simhei.ttf><c:/Windows/Fonts/simhei.ttf><c:/Windows/Font
s/simhei.ttf><c:/Windows/Fonts/simhei.ttf><c:/Windows/Fonts/simhei.ttf><c:/Wind
ows/Fonts/simhei.ttf><c:/Windows/Fonts/simhei.ttf><c:/Windows/Fonts/simhei.ttf>
<c:/Windows/Fonts/simhei.ttf><c:/Windows/Fonts/simhei.ttf><c:/Windows/Fonts/sim
sun.ttc><c:/Windows/Fonts/simhei.ttf><c:/Windows/Fonts/simhei.ttf><c:/Windows/F
onts/simhei.ttf><c:/Windows/Fonts/simsun.ttc><c:/Windows/Fonts/simsun.ttc><c:/W
indows/Fonts/simsun.ttc><c:/Windows/Fonts/simhei.ttf><c:/Windows/Fonts/simhei.t
tf><c:/Windows/Fonts/simhei.ttf><c:/Windows/Fonts/simhei.ttf><c:/Windows/Fonts/
simhei.ttf><c:/Windows/Fonts/simhei.ttf><c:/Windows/Fonts/simsun.ttc><c:/Window
s/Fonts/simsun.ttc><c:/Windows/Fonts/simsun.ttc><c:/Windows/Fonts/simsun.ttc><c
:/Windows/Fonts/simsun.ttc><c:/Windows/Fonts/simsun.ttc><c:/Windows/Fonts/simsu
n.ttc><c:/Windows/Fonts/simsun.ttc><c:/Windows/Fonts/simsun.ttc><c:/Windows/Fon
ts/simsun.ttc><c:/Windows/Fonts/simsun.ttc><c:/Windows/Fonts/simsun.ttc><c:/Win
dows/Fonts/simsun.ttc><c:/Windows/Fonts/simsun.ttc><c:/Windows/Fonts/simsun.ttc
><c:/Windows/Fonts/simsun.ttc><c:/Windows/Fonts/simsun.ttc><c:/Windows/Fonts/si
msun.ttc><c:/Windows/Fonts/simsun.ttc><c:/Windows/Fonts/simhei.ttf><c:/Windows/
Fonts/simhei.ttf><c:/Windows/Fonts/simhei.ttf><c:/Windows/Fonts/simhei.ttf><c:/
Windows/Fonts/simhei.ttf><c:/Windows/Fonts/simhei.ttf><c:/Windows/Fonts/simhei.
ttf><c:/Windows/Fonts/simhei.ttf><c:/Windows/Fonts/simhei.ttf><c:/Windows/Fonts
/simhei.ttf><c:/Windows/Fonts/simhei.ttf><c:/Windows/Fonts/simhei.ttf><c:/Windo
ws/Fonts/simhei.ttf><c:/Windows/Fonts/simhei.ttf><c:/Windows/Fonts/simhei.ttf><
c:/Windows/Fonts/simhei.ttf><c:/Windows/Fonts/simhei.ttf><c:/Windows/Fonts/simh
ei.ttf><c:/Windows/Fonts/simhei.ttf><c:/Windows/Fonts/simhei.ttf><c:/Windows/Fo
nts/simhei.ttf><c:/Windows/Fonts/simhei.ttf><c:/Windows/Fonts/simhei.ttf><c:/Wi
ndows/Fonts/simhei.ttf><c:/Windows/Fonts/simsun.ttc><c:/Windows/Fonts/simsun.tt
c><c:/Windows/Fonts/simsun.ttc><c:/Windows/Fonts/simsun.ttc><c:/Windows/Fonts/s
imhei.ttf><c:/Windows/Fonts/simhei.ttf><c:/texlive/2018/texmf-dist/fonts/type1/
public/amsfonts/cm/cmbsy10.pfb><c:/texlive/2018/texmf-dist/fonts/type1/public/a
msfonts/cm/cmbx10.pfb><c:/texlive/2018/texmf-dist/fonts/type1/public/amsfonts/c
m/cmbx12.pfb><c:/texlive/2018/texmf-dist/fonts/type1/public/amsfonts/cm/cmbx9.p
fb><c:/texlive/2018/texmf-dist/fonts/type1/public/amsfonts/cm/cmex10.pfb><c:/te
xlive/2018/texmf-dist/fonts/type1/public/amsfonts/cm/cmmi10.pfb><c:/texlive/201
8/texmf-dist/fonts/type1/public/amsfonts/cm/cmmi6.pfb><c:/texlive/2018/texmf-di
st/fonts/type1/public/amsfonts/cm/cmmi8.pfb><c:/texlive/2018/texmf-dist/fonts/t
ype1/public/amsfonts/cm/cmr10.pfb><c:/texlive/2018/texmf-dist/fonts/type1/publi
c/amsfonts/cm/cmr12.pfb><c:/texlive/2018/texmf-dist/fonts/type1/public/amsfonts
/cm/cmr6.pfb><c:/texlive/2018/texmf-dist/fonts/type1/public/amsfonts/cm/cmr8.pf
b><c:/texlive/2018/texmf-dist/fonts/type1/public/amsfonts/cm/cmr9.pfb><c:/texli
ve/2018/texmf-dist/fonts/type1/public/amsfonts/cm/cmsy10.pfb><c:/texlive/2018/t
exmf-dist/fonts/type1/public/amsfonts/cm/cmsy6.pfb><c:/texlive/2018/texmf-dist/
fonts/type1/public/amsfonts/cm/cmsy8.pfb><c:/texlive/2018/texmf-dist/fonts/type
1/public/amsfonts/cm/cmtt10.pfb><c:/texlive/2018/texmf-dist/fonts/type1/arphic/
gbsnu/gbsnu20.pfb><c:/texlive/2018/texmf-dist/fonts/type1/arphic/gbsnu/gbsnu30.
pfb><c:/texlive/2018/texmf-dist/fonts/type1/arphic/gbsnu/gbsnu4e.pfb><c:/texliv
e/2018/texmf-dist/fonts/type1/arphic/gbsnu/gbsnu4f.pfb><c:/texlive/2018/texmf-d
ist/fonts/type1/arphic/gbsnu/gbsnu50.pfb><c:/texlive/2018/texmf-dist/fonts/type
1/arphic/gbsnu/gbsnu51.pfb><c:/texlive/2018/texmf-dist/fonts/type1/arphic/gbsnu
/gbsnu52.pfb><c:/texlive/2018/texmf-dist/fonts/type1/arphic/gbsnu/gbsnu53.pfb><
c:/texlive/2018/texmf-dist/fonts/type1/arphic/gbsnu/gbsnu54.pfb><c:/texlive/201
8/texmf-dist/fonts/type1/arphic/gbsnu/gbsnu55.pfb><c:/texlive/2018/texmf-dist/f
onts/type1/arphic/gbsnu/gbsnu56.pfb><c:/texlive/2018/texmf-dist/fonts/type1/arp
hic/gbsnu/gbsnu57.pfb><c:/texlive/2018/texmf-dist/fonts/type1/arphic/gbsnu/gbsn
u58.pfb><c:/texlive/2018/texmf-dist/fonts/type1/arphic/gbsnu/gbsnu59.pfb><c:/te
xlive/2018/texmf-dist/fonts/type1/arphic/gbsnu/gbsnu5b.pfb><c:/texlive/2018/tex
mf-dist/fonts/type1/arphic/gbsnu/gbsnu5c.pfb><c:/texlive/2018/texmf-dist/fonts/
type1/arphic/gbsnu/gbsnu5d.pfb><c:/texlive/2018/texmf-dist/fonts/type1/arphic/g
bsnu/gbsnu5e.pfb><c:/texlive/2018/texmf-dist/fonts/type1/arphic/gbsnu/gbsnu5f.p
fb><c:/texlive/2018/texmf-dist/fonts/type1/arphic/gbsnu/gbsnu60.pfb><c:/texlive
/2018/texmf-dist/fonts/type1/arphic/gbsnu/gbsnu61.pfb><c:/texlive/2018/texmf-di
st/fonts/type1/arphic/gbsnu/gbsnu62.pfb><c:/texlive/2018/texmf-dist/fonts/type1
/arphic/gbsnu/gbsnu63.pfb><c:/texlive/2018/texmf-dist/fonts/type1/arphic/gbsnu/
gbsnu65.pfb><c:/texlive/2018/texmf-dist/fonts/type1/arphic/gbsnu/gbsnu66.pfb><c
:/texlive/2018/texmf-dist/fonts/type1/arphic/gbsnu/gbsnu67.pfb><c:/texlive/2018
/texmf-dist/fonts/type1/arphic/gbsnu/gbsnu68.pfb><c:/texlive/2018/texmf-dist/fo
nts/type1/arphic/gbsnu/gbsnu69.pfb><c:/texlive/2018/texmf-dist/fonts/type1/arph
ic/gbsnu/gbsnu6a.pfb><c:/texlive/2018/texmf-dist/fonts/type1/arphic/gbsnu/gbsnu
6b.pfb><c:/texlive/2018/texmf-dist/fonts/type1/arphic/gbsnu/gbsnu6c.pfb><c:/tex
live/2018/texmf-dist/fonts/type1/arphic/gbsnu/gbsnu6d.pfb><c:/texlive/2018/texm
f-dist/fonts/type1/arphic/gbsnu/gbsnu6e.pfb><c:/texlive/2018/texmf-dist/fonts/t
ype1/arphic/gbsnu/gbsnu70.pfb><c:/texlive/2018/texmf-dist/fonts/type1/arphic/gb
snu/gbsnu71.pfb><c:/texlive/2018/texmf-dist/fonts/type1/arphic/gbsnu/gbsnu72.pf
b><c:/texlive/2018/texmf-dist/fonts/type1/arphic/gbsnu/gbsnu73.pfb><c:/texlive/
2018/texmf-dist/fonts/type1/arphic/gbsnu/gbsnu74.pfb><c:/texlive/2018/texmf-dis
t/fonts/type1/arphic/gbsnu/gbsnu75.pfb><c:/texlive/2018/texmf-dist/fonts/type1/
arphic/gbsnu/gbsnu76.pfb><c:/texlive/2018/texmf-dist/fonts/type1/arphic/gbsnu/g
bsnu77.pfb><c:/texlive/2018/texmf-dist/fonts/type1/arphic/gbsnu/gbsnu78.pfb><c:
/texlive/2018/texmf-dist/fonts/type1/arphic/gbsnu/gbsnu79.pfb><c:/texlive/2018/
texmf-dist/fonts/type1/arphic/gbsnu/gbsnu7a.pfb><c:/texlive/2018/texmf-dist/fon
ts/type1/arphic/gbsnu/gbsnu7b.pfb><c:/texlive/2018/texmf-dist/fonts/type1/arphi
c/gbsnu/gbsnu7c.pfb><c:/texlive/2018/texmf-dist/fonts/type1/arphic/gbsnu/gbsnu7
d.pfb><c:/texlive/2018/texmf-dist/fonts/type1/arphic/gbsnu/gbsnu7e.pfb><c:/texl
ive/2018/texmf-dist/fonts/type1/arphic/gbsnu/gbsnu7f.pfb><c:/texlive/2018/texmf
-dist/fonts/type1/arphic/gbsnu/gbsnu80.pfb><c:/texlive/2018/texmf-dist/fonts/ty
pe1/arphic/gbsnu/gbsnu81.pfb><c:/texlive/2018/texmf-dist/fonts/type1/arphic/gbs
nu/gbsnu82.pfb><c:/texlive/2018/texmf-dist/fonts/type1/arphic/gbsnu/gbsnu83.pfb
><c:/texlive/2018/texmf-dist/fonts/type1/arphic/gbsnu/gbsnu86.pfb><c:/texlive/2
018/texmf-dist/fonts/type1/arphic/gbsnu/gbsnu88.pfb><c:/texlive/2018/texmf-dist
/fonts/type1/arphic/gbsnu/gbsnu89.pfb><c:/texlive/2018/texmf-dist/fonts/type1/a
rphic/gbsnu/gbsnu8a.pfb><c:/texlive/2018/texmf-dist/fonts/type1/arphic/gbsnu/gb
snu8b.pfb><c:/texlive/2018/texmf-dist/fonts/type1/arphic/gbsnu/gbsnu8c.pfb><c:/
texlive/2018/texmf-dist/fonts/type1/arphic/gbsnu/gbsnu8d.pfb><c:/texlive/2018/t
exmf-dist/fonts/type1/arphic/gbsnu/gbsnu8f.pfb><c:/texlive/2018/texmf-dist/font
s/type1/arphic/gbsnu/gbsnu90.pfb><c:/texlive/2018/texmf-dist/fonts/type1/arphic
/gbsnu/gbsnu91.pfb><c:/texlive/2018/texmf-dist/fonts/type1/arphic/gbsnu/gbsnu94
.pfb><c:/texlive/2018/texmf-dist/fonts/type1/arphic/gbsnu/gbsnu95.pfb><c:/texli
ve/2018/texmf-dist/fonts/type1/arphic/gbsnu/gbsnu96.pfb><c:/texlive/2018/texmf-
dist/fonts/type1/arphic/gbsnu/gbsnu97.pfb><c:/texlive/2018/texmf-dist/fonts/typ
e1/arphic/gbsnu/gbsnu98.pfb><c:/texlive/2018/texmf-dist/fonts/type1/arphic/gbsn
u/gbsnu99.pfb><c:/texlive/2018/texmf-dist/fonts/type1/arphic/gbsnu/gbsnu9a.pfb>
<c:/texlive/2018/texmf-dist/fonts/type1/arphic/gbsnu/gbsnu9c.pfb><c:/texlive/20
18/texmf-dist/fonts/type1/arphic/gbsnu/gbsnu9f.pfb><c:/texlive/2018/texmf-dist/
fonts/type1/arphic/gbsnu/gbsnuff.pfb>
Output written on main.pdf (46 pages, 2711349 bytes).
PDF statistics:
 1960 PDF objects out of 2073 (max. 8388607)
 1496 compressed objects within 15 object streams
 498 named destinations out of 1000 (max. 500000)
 621 words of extra memory for PDF output out of 10000 (max. 10000000)

