\BOOKMARK [0][-]{part.1}{\376\377\173\054\116\000\220\350\122\006\000\040\166\321\167\143\133\146\116\140}{}% 1
\BOOKMARK [1][-]{section.1}{\376\377\122\006\174\173}{part.1}% 2
\BOOKMARK [2][-]{subsection.1.1}{\376\377\220\073\217\221\126\336\137\122}{section.1}% 3
\BOOKMARK [3][-]{subsubsection.1.1.1}{\376\377\143\007\145\160\122\006\136\003\174\007}{subsection.1.1}% 4
\BOOKMARK [3][-]{subsubsection.1.1.2}{\376\377\136\177\116\111\176\277\140\047\152\041\127\213}{subsection.1.1}% 5
\BOOKMARK [3][-]{subsubsection.1.1.3}{\376\377\164\006\213\272\377\032\122\051\165\050\150\257\136\246\116\012\123\107\120\132\220\073\217\221\126\336\137\122}{subsection.1.1}% 6
\BOOKMARK [3][-]{subsubsection.1.1.4}{\376\377\133\236\163\260\377\032\122\051\165\050\150\257\136\246\116\012\123\107\120\132\220\073\217\221\126\336\137\122}{subsection.1.1}% 7
\BOOKMARK [3][-]{subsubsection.1.1.5}{\376\377\133\236\142\030\377\032\122\051\165\050\220\073\217\221\126\336\137\122\377\014\116\316\165\235\154\024\165\305\165\307\230\204\155\113\165\305\232\154\166\204\153\173\116\241\163\207}{subsection.1.1}% 8
\BOOKMARK [3][-]{subsubsection.1.1.6}{\376\377\134\017\176\323}{subsection.1.1}% 9
\BOOKMARK [2][-]{subsection.1.2}{\376\377\232\330\145\257\122\044\122\053\173\227\154\325}{section.1}% 10
\BOOKMARK [3][-]{subsubsection.1.2.1}{\376\377\165\037\142\020\133\146\116\140\173\227\154\325}{subsection.1.2}% 11
\BOOKMARK [3][-]{subsubsection.1.2.2}{\376\377\131\032\230\171\153\143\131\052\122\006\136\003}{subsection.1.2}% 12
\BOOKMARK [3][-]{subsubsection.1.2.3}{\376\377\232\330\145\257\122\044\122\053\122\006\147\220\152\041\127\213}{subsection.1.2}% 13
\BOOKMARK [3][-]{subsubsection.1.2.4}{\376\377\000G\000D\000A\147\000\131\047\117\074\161\066\117\060\213\241\147\000\117\163\123\302\145\160\213\346\176\306\143\250\133\374}{subsection.1.2}% 14
\BOOKMARK [3][-]{subsubsection.1.2.5}{\376\377\232\330\145\257\122\044\122\053\122\006\147\220\116\016\220\073\217\221\126\336\137\122\133\371\153\324}{subsection.1.2}% 15
\BOOKMARK [1][-]{section.2}{\376\377\126\336\137\122}{part.1}% 16
\BOOKMARK [2][-]{subsection.2.1}{\376\377\176\277\140\047\126\336\137\122}{section.2}% 17
\BOOKMARK [3][-]{subsubsection.2.1.1}{\376\377\133\371\232\330\145\257\122\006\136\003\217\333\210\114\136\177\116\111\176\277\140\047\136\372\152\041}{subsection.2.1}% 18
\BOOKMARK [3][-]{subsubsection.2.1.2}{\376\377\147\000\134\017\116\214\116\130\154\325\166\204\151\202\163\207\211\343\221\312\377\032\147\000\131\047\117\074\161\066\117\060\213\241}{subsection.2.1}% 19
\BOOKMARK [3][-]{subsubsection.2.1.3}{\376\377\153\143\211\304\145\271\172\013\154\325\142\176\147\000\117\163\126\336\137\122\174\373\145\160}{subsection.2.1}% 20
\BOOKMARK [3][-]{subsubsection.2.1.4}{\376\377\133\236\142\030\377\032\176\277\140\047\126\336\137\122}{subsection.2.1}% 21
