This is pdfTeX, Version 3.14159265-2.6-1.40.19 (TeX Live 2018/W32TeX) (preloaded format=pdflatex 2018.7.19)  16 SEP 2018 16:13
entering extended mode
 restricted \write18 enabled.
 %&-line parsing enabled.
**part1.tex
(./part1.tex
LaTeX2e <2018-04-01> patch level 2
Babel <3.18> and hyphenation patterns for 6 language(s) loaded.
! Undefined control sequence.
l.1 \part
         {监督学习}
? x
 
Here is how much of TeX's memory you used:
 5 strings out of 494534
 126 string characters out of 6176265
 51659 words of memory out of 5000000
 3748 multiletter control sequences out of 15000+600000
 3640 words of font info for 14 fonts, out of 8000000 for 9000
 36 hyphenation exceptions out of 8191
 5i,0n,1p,33b,8s stack positions out of 5000i,500n,10000p,200000b,80000s
No pages of output.
PDF statistics:
 0 PDF objects out of 1000 (max. 8388607)
 0 named destinations out of 1000 (max. 500000)
 1 words of extra memory for PDF output out of 10000 (max. 10000000)

